/!\ FAILSAFE /!\  2010-04-06 19:04:09 -0800
  Status: 500 Internal Server Error
  no driver for sqlite3 found
    C:/Ruby19/lib/ruby/gems/1.9.1/gems/sqlite3-ruby-1.2.5-x86-mingw32/lib/sqlite3/database.rb:627:in `load_driver'
    C:/Ruby19/lib/ruby/gems/1.9.1/gems/sqlite3-ruby-1.2.5-x86-mingw32/lib/sqlite3/database.rb:72:in `initialize'
    C:/Ruby19/lib/ruby/gems/1.9.1/gems/activerecord-2.3.5/lib/active_record/connection_adapters/sqlite3_adapter.rb:13:in `new'
    C:/Ruby19/lib/ruby/gems/1.9.1/gems/activerecord-2.3.5/lib/active_record/connection_adapters/sqlite3_adapter.rb:13:in `sqlite3_connection'
    C:/Ruby19/lib/ruby/gems/1.9.1/gems/activerecord-2.3.5/lib/active_record/connection_adapters/abstract/connection_pool.rb:223:in `new_connection'
    C:/Ruby19/lib/ruby/gems/1.9.1/gems/activerecord-2.3.5/lib/active_record/connection_adapters/abstract/connection_pool.rb:245:in `checkout_new_connection'
    C:/Ruby19/lib/ruby/gems/1.9.1/gems/activerecord-2.3.5/lib/active_record/connection_adapters/abstract/connection_pool.rb:188:in `block (2 levels) in checkout'
    C:/Ruby19/lib/ruby/gems/1.9.1/gems/activerecord-2.3.5/lib/active_record/connection_adapters/abstract/connection_pool.rb:184:in `loop'
    C:/Ruby19/lib/ruby/gems/1.9.1/gems/activerecord-2.3.5/lib/active_record/connection_adapters/abstract/connection_pool.rb:184:in `block in checkout'
    C:/Ruby19/lib/ruby/1.9.1/monitor.rb:190:in `mon_synchronize'
    C:/Ruby19/lib/ruby/gems/1.9.1/gems/activerecord-2.3.5/lib/active_record/connection_adapters/abstract/connection_pool.rb:183:in `checkout'
    C:/Ruby19/lib/ruby/gems/1.9.1/gems/activerecord-2.3.5/lib/active_record/connection_adapters/abstract/connection_pool.rb:98:in `connection'
    C:/Ruby19/lib/ruby/gems/1.9.1/gems/activerecord-2.3.5/lib/active_record/connection_adapters/abstract/connection_pool.rb:326:in `retrieve_connection'
    C:/Ruby19/lib/ruby/gems/1.9.1/gems/activerecord-2.3.5/lib/active_record/connection_adapters/abstract/connection_specification.rb:123:in `retrieve_connection'
    C:/Ruby19/lib/ruby/gems/1.9.1/gems/activerecord-2.3.5/lib/active_record/connection_adapters/abstract/connection_specification.rb:115:in `connection'
    C:/Ruby19/lib/ruby/gems/1.9.1/gems/activerecord-2.3.5/lib/active_record/query_cache.rb:9:in `cache'
    C:/Ruby19/lib/ruby/gems/1.9.1/gems/activerecord-2.3.5/lib/active_record/query_cache.rb:28:in `call'
    C:/Ruby19/lib/ruby/gems/1.9.1/gems/activerecord-2.3.5/lib/active_record/connection_adapters/abstract/connection_pool.rb:361:in `call'
    C:/Ruby19/lib/ruby/gems/1.9.1/gems/actionpack-2.3.5/lib/action_controller/string_coercion.rb:25:in `call'
    C:/Ruby19/lib/ruby/gems/1.9.1/gems/rack-1.0.1/lib/rack/head.rb:9:in `call'
    C:/Ruby19/lib/ruby/gems/1.9.1/gems/rack-1.0.1/lib/rack/methodoverride.rb:24:in `call'
    C:/Ruby19/lib/ruby/gems/1.9.1/gems/actionpack-2.3.5/lib/action_controller/params_parser.rb:15:in `call'
    C:/Ruby19/lib/ruby/gems/1.9.1/gems/actionpack-2.3.5/lib/action_controller/session/cookie_store.rb:93:in `call'
    C:/Ruby19/lib/ruby/gems/1.9.1/gems/actionpack-2.3.5/lib/action_controller/failsafe.rb:26:in `call'
    C:/Ruby19/lib/ruby/gems/1.9.1/gems/rack-1.0.1/lib/rack/lock.rb:11:in `block in call'
    <internal:prelude>:8:in `synchronize'
    C:/Ruby19/lib/ruby/gems/1.9.1/gems/rack-1.0.1/lib/rack/lock.rb:11:in `call'
    C:/Ruby19/lib/ruby/gems/1.9.1/gems/actionpack-2.3.5/lib/action_controller/dispatcher.rb:114:in `block in call'
    C:/Ruby19/lib/ruby/gems/1.9.1/gems/actionpack-2.3.5/lib/action_controller/reloader.rb:34:in `run'
    C:/Ruby19/lib/ruby/gems/1.9.1/gems/actionpack-2.3.5/lib/action_controller/dispatcher.rb:108:in `call'
    C:/Ruby19/lib/ruby/gems/1.9.1/gems/rails-2.3.5/lib/rails/rack/static.rb:31:in `call'
    C:/Ruby19/lib/ruby/gems/1.9.1/gems/rack-1.0.1/lib/rack/urlmap.rb:46:in `block in call'
    C:/Ruby19/lib/ruby/gems/1.9.1/gems/rack-1.0.1/lib/rack/urlmap.rb:40:in `each'
    C:/Ruby19/lib/ruby/gems/1.9.1/gems/rack-1.0.1/lib/rack/urlmap.rb:40:in `call'
    C:/Ruby19/lib/ruby/gems/1.9.1/gems/rails-2.3.5/lib/rails/rack/log_tailer.rb:17:in `call'
    C:/Ruby19/lib/ruby/gems/1.9.1/gems/rack-1.0.1/lib/rack/content_length.rb:13:in `call'
    C:/Ruby19/lib/ruby/gems/1.9.1/gems/rack-1.0.1/lib/rack/handler/webrick.rb:50:in `service'
    C:/Ruby19/lib/ruby/1.9.1/webrick/httpserver.rb:111:in `service'
    C:/Ruby19/lib/ruby/1.9.1/webrick/httpserver.rb:70:in `run'
    C:/Ruby19/lib/ruby/1.9.1/webrick/server.rb:183:in `block in start_thread'
  [4;36;1mSQL (0.0ms)[0m   [0;1mSET NAMES 'utf8'[0m
  [4;35;1mSQL (0.0ms)[0m   [0mSET SQL_AUTO_IS_NULL=0[0m
  [4;36;1mSQL (1.0ms)[0m   [0;1mSHOW TABLES[0m
  [4;35;1mSQL (0.0ms)[0m   [0mMysql::Error: query: not connected: CREATE TABLE `schema_migrations` (`version` varchar(255) NOT NULL) ENGINE=InnoDB[0m
  [4;36;1mSQL (0.0ms)[0m   [0;1mSET NAMES 'utf8'[0m
  [4;35;1mSQL (0.0ms)[0m   [0mSET SQL_AUTO_IS_NULL=0[0m
  [4;36;1mSQL (1.0ms)[0m   [0;1mSHOW TABLES[0m
  [4;35;1mSQL (0.0ms)[0m   [0mMysql::Error: query: not connected: CREATE TABLE `schema_migrations` (`version` varchar(255) NOT NULL) ENGINE=InnoDB[0m
  [4;36;1mSQL (0.0ms)[0m   [0;1mSET NAMES 'utf8'[0m
  [4;35;1mSQL (1.0ms)[0m   [0mSET SQL_AUTO_IS_NULL=0[0m
  [4;36;1mSQL (0.0ms)[0m   [0;1mSHOW TABLES[0m
  [4;35;1mSQL (0.0ms)[0m   [0mMysql::Error: query: not connected: CREATE TABLE `schema_migrations` (`version` varchar(255) NOT NULL) ENGINE=InnoDB[0m
  [4;36;1mSQL (31.2ms)[0m   [0;1mSET NAMES 'utf8'[0m
  [4;35;1mSQL (15.6ms)[0m   [0mSET SQL_AUTO_IS_NULL=0[0m
  [4;36;1mSQL (15.6ms)[0m   [0;1mSHOW TABLES[0m
  [4;35;1mSQL (78.0ms)[0m   [0mCREATE TABLE `schema_migrations` (`version` varchar(255) NOT NULL) ENGINE=InnoDB[0m
  [4;36;1mSQL (187.2ms)[0m   [0;1mCREATE UNIQUE INDEX `unique_schema_migrations` ON `schema_migrations` (`version`)[0m
  [4;35;1mSQL (15.6ms)[0m   [0mSHOW TABLES[0m
  [4;36;1mSQL (0.0ms)[0m   [0;1mSHOW TABLES[0m
  [4;35;1mSQL (0.0ms)[0m   [0mSELECT version FROM schema_migrations[0m
  [4;36;1mSQL (0.0ms)[0m   [0;1mSHOW TABLES[0m
  [4;36;1mSQL (0.0ms)[0m   [0;1mSET NAMES 'utf8'[0m
  [4;35;1mSQL (0.0ms)[0m   [0mSET SQL_AUTO_IS_NULL=0[0m
  [4;36;1mSQL (1.0ms)[0m   [0;1mSHOW TABLES[0m
  [4;35;1mSQL (1.0ms)[0m   [0mSELECT version FROM schema_migrations[0m
Migrating to CreateUsers (20100407214115)
  [4;36;1mSQL (50.0ms)[0m   [0;1mCREATE TABLE `users` (`id` int(11) DEFAULT NULL auto_increment PRIMARY KEY, `uuid` varchar(255), `name` varchar(255), `email` varchar(255), `hashed_password` varchar(255), `salt` varchar(255), `created_at` datetime, `updated_at` datetime) ENGINE=InnoDB[0m
  [4;35;1mSQL (56.0ms)[0m   [0mINSERT INTO schema_migrations (version) VALUES ('20100407214115')[0m
  [4;36;1mSQL (1.0ms)[0m   [0;1mSHOW TABLES[0m
  [4;35;1mSQL (0.0ms)[0m   [0mSELECT version FROM schema_migrations[0m
  [4;36;1mSQL (1.0ms)[0m   [0;1mSHOW TABLES[0m
  [4;35;1mSQL (3.0ms)[0m   [0mSHOW FIELDS FROM `users`[0m
  [4;36;1mSQL (3.0ms)[0m   [0;1mdescribe `users`[0m
  [4;35;1mSQL (1.0ms)[0m   [0mSHOW KEYS FROM `users`[0m
  [4;36;1mSQL (0.0ms)[0m   [0;1mSET NAMES 'utf8'[0m
  [4;35;1mSQL (0.0ms)[0m   [0mSET SQL_AUTO_IS_NULL=0[0m


Processing UsersController#new (for 127.0.0.1 at 2010-04-07 15:05:36) [GET]
  [4;36;1mUser Columns (4.0ms)[0m   [0;1mSHOW FIELDS FROM `users`[0m
Rendering template within layouts/users
Rendering users/new
ERROR: compiling _run_erb_app47views47users47new46html46erb RAISED C:/Users/thomasuster/War_game/back/app/views/users/new.html.erb:20: syntax error, unexpected ':', expecting ')'
...(( f.password_field :password :size => 40 ).to_s); @output_b...
...                               ^
Function body:           def _run_erb_app47views47users47new46html46erb(local_assigns)
            old_output_buffer = output_buffer;;@output_buffer = '';  __in_erb_template=true ; @output_buffer.concat "<h1>New user</h1>\n\n"

;  form_for(@user) do |f| ; @output_buffer.concat "\n  "
; @output_buffer.concat(( f.error_messages ).to_s); @output_buffer.concat "\n\n  <p>\n    "


; @output_buffer.concat(( f.label :uuid ).to_s); @output_buffer.concat "<br />\n    "
; @output_buffer.concat(( f.text_field :uuid ).to_s); @output_buffer.concat "\n  </p>\n  <p>\n    "


; @output_buffer.concat(( f.label :name ).to_s); @output_buffer.concat "<br />\n    "
; @output_buffer.concat(( f.text_field :name ).to_s); @output_buffer.concat "\n  </p>\n  <p>\n    "


; @output_buffer.concat(( f.label :email ).to_s); @output_buffer.concat "<br />\n    "
; @output_buffer.concat(( f.text_field :email ).to_s); @output_buffer.concat "\n  </p>\n  <p>\n    "


; @output_buffer.concat(( f.label :password, 'Password' ).to_s); @output_buffer.concat "<br />\n    "
; @output_buffer.concat(( f.password_field :password :size => 40 ).to_s); @output_buffer.concat "\n  </p>\n  <p>\n    "


; @output_buffer.concat(( f.label :password_confirmation, 'Confirm').to_s); @output_buffer.concat "<br />\n    "
; @output_buffer.concat(( f.password_field :password_confirmation, :size => 40).to_s); @output_buffer.concat "\n  </p>\n  <p>\n    "


; @output_buffer.concat(( f.submit 'Add User', :class => "submit" ).to_s); @output_buffer.concat "\n  </p>\n"

;  end ; @output_buffer.concat "\n\n"

; @output_buffer.concat(( link_to 'Back', users_path ).to_s); @output_buffer.force_encoding(__ENCODING__)
          ensure
            self.output_buffer = old_output_buffer
          end
Backtrace: C:/Ruby19/lib/ruby/gems/1.9.1/gems/actionpack-2.3.5/lib/action_view/renderable.rb:77:in `module_eval'
C:/Ruby19/lib/ruby/gems/1.9.1/gems/actionpack-2.3.5/lib/action_view/renderable.rb:77:in `compile!'
C:/Ruby19/lib/ruby/gems/1.9.1/gems/actionpack-2.3.5/lib/action_view/renderable.rb:61:in `compile'
C:/Ruby19/lib/ruby/gems/1.9.1/gems/actionpack-2.3.5/lib/action_view/renderable.rb:28:in `render'
C:/Ruby19/lib/ruby/gems/1.9.1/gems/actionpack-2.3.5/lib/action_view/template.rb:205:in `render_template'
C:/Ruby19/lib/ruby/gems/1.9.1/gems/actionpack-2.3.5/lib/action_view/base.rb:265:in `render'
C:/Ruby19/lib/ruby/gems/1.9.1/gems/actionpack-2.3.5/lib/action_view/base.rb:348:in `_render_with_layout'
C:/Ruby19/lib/ruby/gems/1.9.1/gems/actionpack-2.3.5/lib/action_view/base.rb:262:in `render'
C:/Ruby19/lib/ruby/gems/1.9.1/gems/actionpack-2.3.5/lib/action_controller/base.rb:1250:in `render_for_file'
C:/Ruby19/lib/ruby/gems/1.9.1/gems/actionpack-2.3.5/lib/action_controller/base.rb:951:in `render'
C:/Ruby19/lib/ruby/gems/1.9.1/gems/actionpack-2.3.5/lib/action_controller/benchmarking.rb:51:in `block in render_with_benchmark'
C:/Ruby19/lib/ruby/gems/1.9.1/gems/activesupport-2.3.5/lib/active_support/core_ext/benchmark.rb:17:in `block in ms'
C:/Ruby19/lib/ruby/1.9.1/benchmark.rb:309:in `realtime'
C:/Ruby19/lib/ruby/gems/1.9.1/gems/activesupport-2.3.5/lib/active_support/core_ext/benchmark.rb:17:in `ms'
C:/Ruby19/lib/ruby/gems/1.9.1/gems/actionpack-2.3.5/lib/action_controller/benchmarking.rb:51:in `render_with_benchmark'
C:/Ruby19/lib/ruby/gems/1.9.1/gems/actionpack-2.3.5/lib/action_controller/mime_responds.rb:135:in `block in custom'
C:/Ruby19/lib/ruby/gems/1.9.1/gems/actionpack-2.3.5/lib/action_controller/mime_responds.rb:179:in `call'
C:/Ruby19/lib/ruby/gems/1.9.1/gems/actionpack-2.3.5/lib/action_controller/mime_responds.rb:179:in `block in respond'
C:/Ruby19/lib/ruby/gems/1.9.1/gems/actionpack-2.3.5/lib/action_controller/mime_responds.rb:173:in `each'
C:/Ruby19/lib/ruby/gems/1.9.1/gems/actionpack-2.3.5/lib/action_controller/mime_responds.rb:173:in `respond'
C:/Ruby19/lib/ruby/gems/1.9.1/gems/actionpack-2.3.5/lib/action_controller/mime_responds.rb:107:in `respond_to'
C:/Users/thomasuster/War_game/back/app/controllers/users_controller.rb:29:in `new'
C:/Ruby19/lib/ruby/gems/1.9.1/gems/actionpack-2.3.5/lib/action_controller/base.rb:1331:in `perform_action'
C:/Ruby19/lib/ruby/gems/1.9.1/gems/actionpack-2.3.5/lib/action_controller/filters.rb:617:in `call_filters'
C:/Ruby19/lib/ruby/gems/1.9.1/gems/actionpack-2.3.5/lib/action_controller/filters.rb:610:in `perform_action_with_filters'
C:/Ruby19/lib/ruby/gems/1.9.1/gems/actionpack-2.3.5/lib/action_controller/benchmarking.rb:68:in `block in perform_action_with_benchmark'
C:/Ruby19/lib/ruby/gems/1.9.1/gems/activesupport-2.3.5/lib/active_support/core_ext/benchmark.rb:17:in `block in ms'
C:/Ruby19/lib/ruby/1.9.1/benchmark.rb:309:in `realtime'
C:/Ruby19/lib/ruby/gems/1.9.1/gems/activesupport-2.3.5/lib/active_support/core_ext/benchmark.rb:17:in `ms'
C:/Ruby19/lib/ruby/gems/1.9.1/gems/actionpack-2.3.5/lib/action_controller/benchmarking.rb:68:in `perform_action_with_benchmark'
C:/Ruby19/lib/ruby/gems/1.9.1/gems/actionpack-2.3.5/lib/action_controller/rescue.rb:160:in `perform_action_with_rescue'
C:/Ruby19/lib/ruby/gems/1.9.1/gems/actionpack-2.3.5/lib/action_controller/flash.rb:146:in `perform_action_with_flash'
C:/Ruby19/lib/ruby/gems/1.9.1/gems/actionpack-2.3.5/lib/action_controller/base.rb:532:in `process'
C:/Ruby19/lib/ruby/gems/1.9.1/gems/actionpack-2.3.5/lib/action_controller/filters.rb:606:in `process_with_filters'
C:/Ruby19/lib/ruby/gems/1.9.1/gems/actionpack-2.3.5/lib/action_controller/base.rb:391:in `process'
C:/Ruby19/lib/ruby/gems/1.9.1/gems/actionpack-2.3.5/lib/action_controller/base.rb:386:in `call'
C:/Ruby19/lib/ruby/gems/1.9.1/gems/actionpack-2.3.5/lib/action_controller/routing/route_set.rb:437:in `call'
C:/Ruby19/lib/ruby/gems/1.9.1/gems/actionpack-2.3.5/lib/action_controller/dispatcher.rb:87:in `dispatch'
C:/Ruby19/lib/ruby/gems/1.9.1/gems/actionpack-2.3.5/lib/action_controller/dispatcher.rb:121:in `_call'
C:/Ruby19/lib/ruby/gems/1.9.1/gems/actionpack-2.3.5/lib/action_controller/dispatcher.rb:130:in `block in build_middleware_stack'
C:/Ruby19/lib/ruby/gems/1.9.1/gems/activerecord-2.3.5/lib/active_record/query_cache.rb:29:in `call'
C:/Ruby19/lib/ruby/gems/1.9.1/gems/activerecord-2.3.5/lib/active_record/query_cache.rb:29:in `block in call'
C:/Ruby19/lib/ruby/gems/1.9.1/gems/activerecord-2.3.5/lib/active_record/connection_adapters/abstract/query_cache.rb:34:in `cache'
C:/Ruby19/lib/ruby/gems/1.9.1/gems/activerecord-2.3.5/lib/active_record/query_cache.rb:9:in `cache'
C:/Ruby19/lib/ruby/gems/1.9.1/gems/activerecord-2.3.5/lib/active_record/query_cache.rb:28:in `call'
C:/Ruby19/lib/ruby/gems/1.9.1/gems/activerecord-2.3.5/lib/active_record/connection_adapters/abstract/connection_pool.rb:361:in `call'
C:/Ruby19/lib/ruby/gems/1.9.1/gems/actionpack-2.3.5/lib/action_controller/string_coercion.rb:25:in `call'
C:/Ruby19/lib/ruby/gems/1.9.1/gems/rack-1.0.1/lib/rack/head.rb:9:in `call'
C:/Ruby19/lib/ruby/gems/1.9.1/gems/rack-1.0.1/lib/rack/methodoverride.rb:24:in `call'
C:/Ruby19/lib/ruby/gems/1.9.1/gems/actionpack-2.3.5/lib/action_controller/params_parser.rb:15:in `call'
C:/Ruby19/lib/ruby/gems/1.9.1/gems/actionpack-2.3.5/lib/action_controller/session/cookie_store.rb:93:in `call'
C:/Ruby19/lib/ruby/gems/1.9.1/gems/actionpack-2.3.5/lib/action_controller/failsafe.rb:26:in `call'
C:/Ruby19/lib/ruby/gems/1.9.1/gems/rack-1.0.1/lib/rack/lock.rb:11:in `block in call'
<internal:prelude>:8:in `synchronize'
C:/Ruby19/lib/ruby/gems/1.9.1/gems/rack-1.0.1/lib/rack/lock.rb:11:in `call'
C:/Ruby19/lib/ruby/gems/1.9.1/gems/actionpack-2.3.5/lib/action_controller/dispatcher.rb:114:in `block in call'
C:/Ruby19/lib/ruby/gems/1.9.1/gems/actionpack-2.3.5/lib/action_controller/reloader.rb:34:in `run'
C:/Ruby19/lib/ruby/gems/1.9.1/gems/actionpack-2.3.5/lib/action_controller/dispatcher.rb:108:in `call'
C:/Ruby19/lib/ruby/gems/1.9.1/gems/rails-2.3.5/lib/rails/rack/static.rb:31:in `call'
C:/Ruby19/lib/ruby/gems/1.9.1/gems/rack-1.0.1/lib/rack/urlmap.rb:46:in `block in call'
C:/Ruby19/lib/ruby/gems/1.9.1/gems/rack-1.0.1/lib/rack/urlmap.rb:40:in `each'
C:/Ruby19/lib/ruby/gems/1.9.1/gems/rack-1.0.1/lib/rack/urlmap.rb:40:in `call'
C:/Ruby19/lib/ruby/gems/1.9.1/gems/rails-2.3.5/lib/rails/rack/log_tailer.rb:17:in `call'
C:/Ruby19/lib/ruby/gems/1.9.1/gems/rack-1.0.1/lib/rack/content_length.rb:13:in `call'
C:/Ruby19/lib/ruby/gems/1.9.1/gems/rack-1.0.1/lib/rack/handler/webrick.rb:50:in `service'
C:/Ruby19/lib/ruby/1.9.1/webrick/httpserver.rb:111:in `service'
C:/Ruby19/lib/ruby/1.9.1/webrick/httpserver.rb:70:in `run'
C:/Ruby19/lib/ruby/1.9.1/webrick/server.rb:183:in `block in start_thread'

ActionView::TemplateError (C:/Users/thomasuster/War_game/back/app/views/users/new.html.erb:20: syntax error, unexpected ':', expecting ')'
...(( f.password_field :password :size => 40 ).to_s); @output_b...
...                               ^) on line #20 of app/views/users/new.html.erb:
17:   </p>
18:   <p>
19:     <%= f.label :password, 'Password' %><br />
20:     <%= f.password_field :password :size => 40 %>
21:   </p>
22:   <p>
23:     <%= f.label :password_confirmation, 'Confirm'%><br />

    app/controllers/users_controller.rb:29:in `new'
    <internal:prelude>:8:in `synchronize'
    C:/Ruby19/lib/ruby/1.9.1/webrick/httpserver.rb:111:in `service'
    C:/Ruby19/lib/ruby/1.9.1/webrick/httpserver.rb:70:in `run'
    C:/Ruby19/lib/ruby/1.9.1/webrick/server.rb:183:in `block in start_thread'

Rendered rescues/_trace (114.0ms)
Rendered rescues/_request_and_response (2.0ms)
Rendering rescues/layout (internal_server_error)
  [4;35;1mSQL (0.0ms)[0m   [0mSET NAMES 'utf8'[0m
  [4;36;1mSQL (0.0ms)[0m   [0;1mSET SQL_AUTO_IS_NULL=0[0m


Processing UsersController#new (for 127.0.0.1 at 2010-04-07 15:06:01) [GET]
  [4;35;1mUser Columns (18.0ms)[0m   [0mSHOW FIELDS FROM `users`[0m
Rendering template within layouts/users
Rendering users/new
ERROR: compiling _run_erb_app47views47users47new46html46erb RAISED C:/Users/thomasuster/War_game/back/app/views/users/new.html.erb:20: syntax error, unexpected ':', expecting ')'
...(( f.password_field :password :size => 40 ).to_s); @output_b...
...                               ^
Function body:           def _run_erb_app47views47users47new46html46erb(local_assigns)
            old_output_buffer = output_buffer;;@output_buffer = '';  __in_erb_template=true ; @output_buffer.concat "<h1>New user</h1>\n\n"

;  form_for(@user) do |f| ; @output_buffer.concat "\n  "
; @output_buffer.concat(( f.error_messages ).to_s); @output_buffer.concat "\n\n  <p>\n    "


; @output_buffer.concat(( f.label :uuid ).to_s); @output_buffer.concat "<br />\n    "
; @output_buffer.concat(( f.text_field :uuid ).to_s); @output_buffer.concat "\n  </p>\n  <p>\n    "


; @output_buffer.concat(( f.label :name ).to_s); @output_buffer.concat "<br />\n    "
; @output_buffer.concat(( f.text_field :name ).to_s); @output_buffer.concat "\n  </p>\n  <p>\n    "


; @output_buffer.concat(( f.label :email ).to_s); @output_buffer.concat "<br />\n    "
; @output_buffer.concat(( f.text_field :email ).to_s); @output_buffer.concat "\n  </p>\n  <p>\n    "


; @output_buffer.concat(( f.label :password, 'Password' ).to_s); @output_buffer.concat "<br />\n    "
; @output_buffer.concat(( f.password_field :password :size => 40 ).to_s); @output_buffer.concat "\n  </p>\n  <p>\n    "


; @output_buffer.concat(( f.label :password_confirmation, 'Confirm').to_s); @output_buffer.concat "<br />\n    "
; @output_buffer.concat(( f.password_field :password_confirmation, :size => 40 ).to_s); @output_buffer.concat "\n  </p>\n  <p>\n    "


; @output_buffer.concat(( f.submit 'Add User', :class => "submit" ).to_s); @output_buffer.concat "\n  </p>\n"

;  end ; @output_buffer.concat "\n\n"

; @output_buffer.concat(( link_to 'Back', users_path ).to_s); @output_buffer.force_encoding(__ENCODING__)
          ensure
            self.output_buffer = old_output_buffer
          end
Backtrace: C:/Ruby19/lib/ruby/gems/1.9.1/gems/actionpack-2.3.5/lib/action_view/renderable.rb:77:in `module_eval'
C:/Ruby19/lib/ruby/gems/1.9.1/gems/actionpack-2.3.5/lib/action_view/renderable.rb:77:in `compile!'
C:/Ruby19/lib/ruby/gems/1.9.1/gems/actionpack-2.3.5/lib/action_view/renderable.rb:61:in `compile'
C:/Ruby19/lib/ruby/gems/1.9.1/gems/actionpack-2.3.5/lib/action_view/renderable.rb:28:in `render'
C:/Ruby19/lib/ruby/gems/1.9.1/gems/actionpack-2.3.5/lib/action_view/template.rb:205:in `render_template'
C:/Ruby19/lib/ruby/gems/1.9.1/gems/actionpack-2.3.5/lib/action_view/base.rb:265:in `render'
C:/Ruby19/lib/ruby/gems/1.9.1/gems/actionpack-2.3.5/lib/action_view/base.rb:348:in `_render_with_layout'
C:/Ruby19/lib/ruby/gems/1.9.1/gems/actionpack-2.3.5/lib/action_view/base.rb:262:in `render'
C:/Ruby19/lib/ruby/gems/1.9.1/gems/actionpack-2.3.5/lib/action_controller/base.rb:1250:in `render_for_file'
C:/Ruby19/lib/ruby/gems/1.9.1/gems/actionpack-2.3.5/lib/action_controller/base.rb:951:in `render'
C:/Ruby19/lib/ruby/gems/1.9.1/gems/actionpack-2.3.5/lib/action_controller/benchmarking.rb:51:in `block in render_with_benchmark'
C:/Ruby19/lib/ruby/gems/1.9.1/gems/activesupport-2.3.5/lib/active_support/core_ext/benchmark.rb:17:in `block in ms'
C:/Ruby19/lib/ruby/1.9.1/benchmark.rb:309:in `realtime'
C:/Ruby19/lib/ruby/gems/1.9.1/gems/activesupport-2.3.5/lib/active_support/core_ext/benchmark.rb:17:in `ms'
C:/Ruby19/lib/ruby/gems/1.9.1/gems/actionpack-2.3.5/lib/action_controller/benchmarking.rb:51:in `render_with_benchmark'
C:/Ruby19/lib/ruby/gems/1.9.1/gems/actionpack-2.3.5/lib/action_controller/mime_responds.rb:135:in `block in custom'
C:/Ruby19/lib/ruby/gems/1.9.1/gems/actionpack-2.3.5/lib/action_controller/mime_responds.rb:179:in `call'
C:/Ruby19/lib/ruby/gems/1.9.1/gems/actionpack-2.3.5/lib/action_controller/mime_responds.rb:179:in `block in respond'
C:/Ruby19/lib/ruby/gems/1.9.1/gems/actionpack-2.3.5/lib/action_controller/mime_responds.rb:173:in `each'
C:/Ruby19/lib/ruby/gems/1.9.1/gems/actionpack-2.3.5/lib/action_controller/mime_responds.rb:173:in `respond'
C:/Ruby19/lib/ruby/gems/1.9.1/gems/actionpack-2.3.5/lib/action_controller/mime_responds.rb:107:in `respond_to'
C:/Users/thomasuster/War_game/back/app/controllers/users_controller.rb:29:in `new'
C:/Ruby19/lib/ruby/gems/1.9.1/gems/actionpack-2.3.5/lib/action_controller/base.rb:1331:in `perform_action'
C:/Ruby19/lib/ruby/gems/1.9.1/gems/actionpack-2.3.5/lib/action_controller/filters.rb:617:in `call_filters'
C:/Ruby19/lib/ruby/gems/1.9.1/gems/actionpack-2.3.5/lib/action_controller/filters.rb:610:in `perform_action_with_filters'
C:/Ruby19/lib/ruby/gems/1.9.1/gems/actionpack-2.3.5/lib/action_controller/benchmarking.rb:68:in `block in perform_action_with_benchmark'
C:/Ruby19/lib/ruby/gems/1.9.1/gems/activesupport-2.3.5/lib/active_support/core_ext/benchmark.rb:17:in `block in ms'
C:/Ruby19/lib/ruby/1.9.1/benchmark.rb:309:in `realtime'
C:/Ruby19/lib/ruby/gems/1.9.1/gems/activesupport-2.3.5/lib/active_support/core_ext/benchmark.rb:17:in `ms'
C:/Ruby19/lib/ruby/gems/1.9.1/gems/actionpack-2.3.5/lib/action_controller/benchmarking.rb:68:in `perform_action_with_benchmark'
C:/Ruby19/lib/ruby/gems/1.9.1/gems/actionpack-2.3.5/lib/action_controller/rescue.rb:160:in `perform_action_with_rescue'
C:/Ruby19/lib/ruby/gems/1.9.1/gems/actionpack-2.3.5/lib/action_controller/flash.rb:146:in `perform_action_with_flash'
C:/Ruby19/lib/ruby/gems/1.9.1/gems/actionpack-2.3.5/lib/action_controller/base.rb:532:in `process'
C:/Ruby19/lib/ruby/gems/1.9.1/gems/actionpack-2.3.5/lib/action_controller/filters.rb:606:in `process_with_filters'
C:/Ruby19/lib/ruby/gems/1.9.1/gems/actionpack-2.3.5/lib/action_controller/base.rb:391:in `process'
C:/Ruby19/lib/ruby/gems/1.9.1/gems/actionpack-2.3.5/lib/action_controller/base.rb:386:in `call'
C:/Ruby19/lib/ruby/gems/1.9.1/gems/actionpack-2.3.5/lib/action_controller/routing/route_set.rb:437:in `call'
C:/Ruby19/lib/ruby/gems/1.9.1/gems/actionpack-2.3.5/lib/action_controller/dispatcher.rb:87:in `dispatch'
C:/Ruby19/lib/ruby/gems/1.9.1/gems/actionpack-2.3.5/lib/action_controller/dispatcher.rb:121:in `_call'
C:/Ruby19/lib/ruby/gems/1.9.1/gems/actionpack-2.3.5/lib/action_controller/dispatcher.rb:130:in `block in build_middleware_stack'
C:/Ruby19/lib/ruby/gems/1.9.1/gems/activerecord-2.3.5/lib/active_record/query_cache.rb:29:in `call'
C:/Ruby19/lib/ruby/gems/1.9.1/gems/activerecord-2.3.5/lib/active_record/query_cache.rb:29:in `block in call'
C:/Ruby19/lib/ruby/gems/1.9.1/gems/activerecord-2.3.5/lib/active_record/connection_adapters/abstract/query_cache.rb:34:in `cache'
C:/Ruby19/lib/ruby/gems/1.9.1/gems/activerecord-2.3.5/lib/active_record/query_cache.rb:9:in `cache'
C:/Ruby19/lib/ruby/gems/1.9.1/gems/activerecord-2.3.5/lib/active_record/query_cache.rb:28:in `call'
C:/Ruby19/lib/ruby/gems/1.9.1/gems/activerecord-2.3.5/lib/active_record/connection_adapters/abstract/connection_pool.rb:361:in `call'
C:/Ruby19/lib/ruby/gems/1.9.1/gems/actionpack-2.3.5/lib/action_controller/string_coercion.rb:25:in `call'
C:/Ruby19/lib/ruby/gems/1.9.1/gems/rack-1.0.1/lib/rack/head.rb:9:in `call'
C:/Ruby19/lib/ruby/gems/1.9.1/gems/rack-1.0.1/lib/rack/methodoverride.rb:24:in `call'
C:/Ruby19/lib/ruby/gems/1.9.1/gems/actionpack-2.3.5/lib/action_controller/params_parser.rb:15:in `call'
C:/Ruby19/lib/ruby/gems/1.9.1/gems/actionpack-2.3.5/lib/action_controller/session/cookie_store.rb:93:in `call'
C:/Ruby19/lib/ruby/gems/1.9.1/gems/actionpack-2.3.5/lib/action_controller/failsafe.rb:26:in `call'
C:/Ruby19/lib/ruby/gems/1.9.1/gems/rack-1.0.1/lib/rack/lock.rb:11:in `block in call'
<internal:prelude>:8:in `synchronize'
C:/Ruby19/lib/ruby/gems/1.9.1/gems/rack-1.0.1/lib/rack/lock.rb:11:in `call'
C:/Ruby19/lib/ruby/gems/1.9.1/gems/actionpack-2.3.5/lib/action_controller/dispatcher.rb:114:in `block in call'
C:/Ruby19/lib/ruby/gems/1.9.1/gems/actionpack-2.3.5/lib/action_controller/reloader.rb:34:in `run'
C:/Ruby19/lib/ruby/gems/1.9.1/gems/actionpack-2.3.5/lib/action_controller/dispatcher.rb:108:in `call'
C:/Ruby19/lib/ruby/gems/1.9.1/gems/rails-2.3.5/lib/rails/rack/static.rb:31:in `call'
C:/Ruby19/lib/ruby/gems/1.9.1/gems/rack-1.0.1/lib/rack/urlmap.rb:46:in `block in call'
C:/Ruby19/lib/ruby/gems/1.9.1/gems/rack-1.0.1/lib/rack/urlmap.rb:40:in `each'
C:/Ruby19/lib/ruby/gems/1.9.1/gems/rack-1.0.1/lib/rack/urlmap.rb:40:in `call'
C:/Ruby19/lib/ruby/gems/1.9.1/gems/rails-2.3.5/lib/rails/rack/log_tailer.rb:17:in `call'
C:/Ruby19/lib/ruby/gems/1.9.1/gems/rack-1.0.1/lib/rack/content_length.rb:13:in `call'
C:/Ruby19/lib/ruby/gems/1.9.1/gems/rack-1.0.1/lib/rack/handler/webrick.rb:50:in `service'
C:/Ruby19/lib/ruby/1.9.1/webrick/httpserver.rb:111:in `service'
C:/Ruby19/lib/ruby/1.9.1/webrick/httpserver.rb:70:in `run'
C:/Ruby19/lib/ruby/1.9.1/webrick/server.rb:183:in `block in start_thread'

ActionView::TemplateError (C:/Users/thomasuster/War_game/back/app/views/users/new.html.erb:20: syntax error, unexpected ':', expecting ')'
...(( f.password_field :password :size => 40 ).to_s); @output_b...
...                               ^) on line #20 of app/views/users/new.html.erb:
17:   </p>
18:   <p>
19:     <%= f.label :password, 'Password' %><br />
20:     <%= f.password_field :password :size => 40 %>
21:   </p>
22:   <p>
23:     <%= f.label :password_confirmation, 'Confirm'%><br />

    app/controllers/users_controller.rb:29:in `new'
    <internal:prelude>:8:in `synchronize'
    C:/Ruby19/lib/ruby/1.9.1/webrick/httpserver.rb:111:in `service'
    C:/Ruby19/lib/ruby/1.9.1/webrick/httpserver.rb:70:in `run'
    C:/Ruby19/lib/ruby/1.9.1/webrick/server.rb:183:in `block in start_thread'

Rendered rescues/_trace (79.0ms)
Rendered rescues/_request_and_response (0.0ms)
Rendering rescues/layout (internal_server_error)
  [4;36;1mSQL (0.0ms)[0m   [0;1mSET NAMES 'utf8'[0m
  [4;35;1mSQL (0.0ms)[0m   [0mSET SQL_AUTO_IS_NULL=0[0m


Processing UsersController#new (for 127.0.0.1 at 2010-04-07 15:06:02) [GET]
  [4;36;1mUser Columns (4.0ms)[0m   [0;1mSHOW FIELDS FROM `users`[0m
Rendering template within layouts/users
Rendering users/new
ERROR: compiling _run_erb_app47views47users47new46html46erb RAISED C:/Users/thomasuster/War_game/back/app/views/users/new.html.erb:20: syntax error, unexpected ':', expecting ')'
...(( f.password_field :password :size => 40 ).to_s); @output_b...
...                               ^
Function body:           def _run_erb_app47views47users47new46html46erb(local_assigns)
            old_output_buffer = output_buffer;;@output_buffer = '';  __in_erb_template=true ; @output_buffer.concat "<h1>New user</h1>\n\n"

;  form_for(@user) do |f| ; @output_buffer.concat "\n  "
; @output_buffer.concat(( f.error_messages ).to_s); @output_buffer.concat "\n\n  <p>\n    "


; @output_buffer.concat(( f.label :uuid ).to_s); @output_buffer.concat "<br />\n    "
; @output_buffer.concat(( f.text_field :uuid ).to_s); @output_buffer.concat "\n  </p>\n  <p>\n    "


; @output_buffer.concat(( f.label :name ).to_s); @output_buffer.concat "<br />\n    "
; @output_buffer.concat(( f.text_field :name ).to_s); @output_buffer.concat "\n  </p>\n  <p>\n    "


; @output_buffer.concat(( f.label :email ).to_s); @output_buffer.concat "<br />\n    "
; @output_buffer.concat(( f.text_field :email ).to_s); @output_buffer.concat "\n  </p>\n  <p>\n    "


; @output_buffer.concat(( f.label :password, 'Password' ).to_s); @output_buffer.concat "<br />\n    "
; @output_buffer.concat(( f.password_field :password :size => 40 ).to_s); @output_buffer.concat "\n  </p>\n  <p>\n    "


; @output_buffer.concat(( f.label :password_confirmation, 'Confirm').to_s); @output_buffer.concat "<br />\n    "
; @output_buffer.concat(( f.password_field :password_confirmation, :size => 40 ).to_s); @output_buffer.concat "\n  </p>\n  <p>\n    "


; @output_buffer.concat(( f.submit 'Add User', :class => "submit" ).to_s); @output_buffer.concat "\n  </p>\n"

;  end ; @output_buffer.concat "\n\n"

; @output_buffer.concat(( link_to 'Back', users_path ).to_s); @output_buffer.force_encoding(__ENCODING__)
          ensure
            self.output_buffer = old_output_buffer
          end
Backtrace: C:/Ruby19/lib/ruby/gems/1.9.1/gems/actionpack-2.3.5/lib/action_view/renderable.rb:77:in `module_eval'
C:/Ruby19/lib/ruby/gems/1.9.1/gems/actionpack-2.3.5/lib/action_view/renderable.rb:77:in `compile!'
C:/Ruby19/lib/ruby/gems/1.9.1/gems/actionpack-2.3.5/lib/action_view/renderable.rb:61:in `compile'
C:/Ruby19/lib/ruby/gems/1.9.1/gems/actionpack-2.3.5/lib/action_view/renderable.rb:28:in `render'
C:/Ruby19/lib/ruby/gems/1.9.1/gems/actionpack-2.3.5/lib/action_view/template.rb:205:in `render_template'
C:/Ruby19/lib/ruby/gems/1.9.1/gems/actionpack-2.3.5/lib/action_view/base.rb:265:in `render'
C:/Ruby19/lib/ruby/gems/1.9.1/gems/actionpack-2.3.5/lib/action_view/base.rb:348:in `_render_with_layout'
C:/Ruby19/lib/ruby/gems/1.9.1/gems/actionpack-2.3.5/lib/action_view/base.rb:262:in `render'
C:/Ruby19/lib/ruby/gems/1.9.1/gems/actionpack-2.3.5/lib/action_controller/base.rb:1250:in `render_for_file'
C:/Ruby19/lib/ruby/gems/1.9.1/gems/actionpack-2.3.5/lib/action_controller/base.rb:951:in `render'
C:/Ruby19/lib/ruby/gems/1.9.1/gems/actionpack-2.3.5/lib/action_controller/benchmarking.rb:51:in `block in render_with_benchmark'
C:/Ruby19/lib/ruby/gems/1.9.1/gems/activesupport-2.3.5/lib/active_support/core_ext/benchmark.rb:17:in `block in ms'
C:/Ruby19/lib/ruby/1.9.1/benchmark.rb:309:in `realtime'
C:/Ruby19/lib/ruby/gems/1.9.1/gems/activesupport-2.3.5/lib/active_support/core_ext/benchmark.rb:17:in `ms'
C:/Ruby19/lib/ruby/gems/1.9.1/gems/actionpack-2.3.5/lib/action_controller/benchmarking.rb:51:in `render_with_benchmark'
C:/Ruby19/lib/ruby/gems/1.9.1/gems/actionpack-2.3.5/lib/action_controller/mime_responds.rb:135:in `block in custom'
C:/Ruby19/lib/ruby/gems/1.9.1/gems/actionpack-2.3.5/lib/action_controller/mime_responds.rb:179:in `call'
C:/Ruby19/lib/ruby/gems/1.9.1/gems/actionpack-2.3.5/lib/action_controller/mime_responds.rb:179:in `block in respond'
C:/Ruby19/lib/ruby/gems/1.9.1/gems/actionpack-2.3.5/lib/action_controller/mime_responds.rb:173:in `each'
C:/Ruby19/lib/ruby/gems/1.9.1/gems/actionpack-2.3.5/lib/action_controller/mime_responds.rb:173:in `respond'
C:/Ruby19/lib/ruby/gems/1.9.1/gems/actionpack-2.3.5/lib/action_controller/mime_responds.rb:107:in `respond_to'
C:/Users/thomasuster/War_game/back/app/controllers/users_controller.rb:29:in `new'
C:/Ruby19/lib/ruby/gems/1.9.1/gems/actionpack-2.3.5/lib/action_controller/base.rb:1331:in `perform_action'
C:/Ruby19/lib/ruby/gems/1.9.1/gems/actionpack-2.3.5/lib/action_controller/filters.rb:617:in `call_filters'
C:/Ruby19/lib/ruby/gems/1.9.1/gems/actionpack-2.3.5/lib/action_controller/filters.rb:610:in `perform_action_with_filters'
C:/Ruby19/lib/ruby/gems/1.9.1/gems/actionpack-2.3.5/lib/action_controller/benchmarking.rb:68:in `block in perform_action_with_benchmark'
C:/Ruby19/lib/ruby/gems/1.9.1/gems/activesupport-2.3.5/lib/active_support/core_ext/benchmark.rb:17:in `block in ms'
C:/Ruby19/lib/ruby/1.9.1/benchmark.rb:309:in `realtime'
C:/Ruby19/lib/ruby/gems/1.9.1/gems/activesupport-2.3.5/lib/active_support/core_ext/benchmark.rb:17:in `ms'
C:/Ruby19/lib/ruby/gems/1.9.1/gems/actionpack-2.3.5/lib/action_controller/benchmarking.rb:68:in `perform_action_with_benchmark'
C:/Ruby19/lib/ruby/gems/1.9.1/gems/actionpack-2.3.5/lib/action_controller/rescue.rb:160:in `perform_action_with_rescue'
C:/Ruby19/lib/ruby/gems/1.9.1/gems/actionpack-2.3.5/lib/action_controller/flash.rb:146:in `perform_action_with_flash'
C:/Ruby19/lib/ruby/gems/1.9.1/gems/actionpack-2.3.5/lib/action_controller/base.rb:532:in `process'
C:/Ruby19/lib/ruby/gems/1.9.1/gems/actionpack-2.3.5/lib/action_controller/filters.rb:606:in `process_with_filters'
C:/Ruby19/lib/ruby/gems/1.9.1/gems/actionpack-2.3.5/lib/action_controller/base.rb:391:in `process'
C:/Ruby19/lib/ruby/gems/1.9.1/gems/actionpack-2.3.5/lib/action_controller/base.rb:386:in `call'
C:/Ruby19/lib/ruby/gems/1.9.1/gems/actionpack-2.3.5/lib/action_controller/routing/route_set.rb:437:in `call'
C:/Ruby19/lib/ruby/gems/1.9.1/gems/actionpack-2.3.5/lib/action_controller/dispatcher.rb:87:in `dispatch'
C:/Ruby19/lib/ruby/gems/1.9.1/gems/actionpack-2.3.5/lib/action_controller/dispatcher.rb:121:in `_call'
C:/Ruby19/lib/ruby/gems/1.9.1/gems/actionpack-2.3.5/lib/action_controller/dispatcher.rb:130:in `block in build_middleware_stack'
C:/Ruby19/lib/ruby/gems/1.9.1/gems/activerecord-2.3.5/lib/active_record/query_cache.rb:29:in `call'
C:/Ruby19/lib/ruby/gems/1.9.1/gems/activerecord-2.3.5/lib/active_record/query_cache.rb:29:in `block in call'
C:/Ruby19/lib/ruby/gems/1.9.1/gems/activerecord-2.3.5/lib/active_record/connection_adapters/abstract/query_cache.rb:34:in `cache'
C:/Ruby19/lib/ruby/gems/1.9.1/gems/activerecord-2.3.5/lib/active_record/query_cache.rb:9:in `cache'
C:/Ruby19/lib/ruby/gems/1.9.1/gems/activerecord-2.3.5/lib/active_record/query_cache.rb:28:in `call'
C:/Ruby19/lib/ruby/gems/1.9.1/gems/activerecord-2.3.5/lib/active_record/connection_adapters/abstract/connection_pool.rb:361:in `call'
C:/Ruby19/lib/ruby/gems/1.9.1/gems/actionpack-2.3.5/lib/action_controller/string_coercion.rb:25:in `call'
C:/Ruby19/lib/ruby/gems/1.9.1/gems/rack-1.0.1/lib/rack/head.rb:9:in `call'
C:/Ruby19/lib/ruby/gems/1.9.1/gems/rack-1.0.1/lib/rack/methodoverride.rb:24:in `call'
C:/Ruby19/lib/ruby/gems/1.9.1/gems/actionpack-2.3.5/lib/action_controller/params_parser.rb:15:in `call'
C:/Ruby19/lib/ruby/gems/1.9.1/gems/actionpack-2.3.5/lib/action_controller/session/cookie_store.rb:93:in `call'
C:/Ruby19/lib/ruby/gems/1.9.1/gems/actionpack-2.3.5/lib/action_controller/failsafe.rb:26:in `call'
C:/Ruby19/lib/ruby/gems/1.9.1/gems/rack-1.0.1/lib/rack/lock.rb:11:in `block in call'
<internal:prelude>:8:in `synchronize'
C:/Ruby19/lib/ruby/gems/1.9.1/gems/rack-1.0.1/lib/rack/lock.rb:11:in `call'
C:/Ruby19/lib/ruby/gems/1.9.1/gems/actionpack-2.3.5/lib/action_controller/dispatcher.rb:114:in `block in call'
C:/Ruby19/lib/ruby/gems/1.9.1/gems/actionpack-2.3.5/lib/action_controller/reloader.rb:34:in `run'
C:/Ruby19/lib/ruby/gems/1.9.1/gems/actionpack-2.3.5/lib/action_controller/dispatcher.rb:108:in `call'
C:/Ruby19/lib/ruby/gems/1.9.1/gems/rails-2.3.5/lib/rails/rack/static.rb:31:in `call'
C:/Ruby19/lib/ruby/gems/1.9.1/gems/rack-1.0.1/lib/rack/urlmap.rb:46:in `block in call'
C:/Ruby19/lib/ruby/gems/1.9.1/gems/rack-1.0.1/lib/rack/urlmap.rb:40:in `each'
C:/Ruby19/lib/ruby/gems/1.9.1/gems/rack-1.0.1/lib/rack/urlmap.rb:40:in `call'
C:/Ruby19/lib/ruby/gems/1.9.1/gems/rails-2.3.5/lib/rails/rack/log_tailer.rb:17:in `call'
C:/Ruby19/lib/ruby/gems/1.9.1/gems/rack-1.0.1/lib/rack/content_length.rb:13:in `call'
C:/Ruby19/lib/ruby/gems/1.9.1/gems/rack-1.0.1/lib/rack/handler/webrick.rb:50:in `service'
C:/Ruby19/lib/ruby/1.9.1/webrick/httpserver.rb:111:in `service'
C:/Ruby19/lib/ruby/1.9.1/webrick/httpserver.rb:70:in `run'
C:/Ruby19/lib/ruby/1.9.1/webrick/server.rb:183:in `block in start_thread'

ActionView::TemplateError (C:/Users/thomasuster/War_game/back/app/views/users/new.html.erb:20: syntax error, unexpected ':', expecting ')'
...(( f.password_field :password :size => 40 ).to_s); @output_b...
...                               ^) on line #20 of app/views/users/new.html.erb:
17:   </p>
18:   <p>
19:     <%= f.label :password, 'Password' %><br />
20:     <%= f.password_field :password :size => 40 %>
21:   </p>
22:   <p>
23:     <%= f.label :password_confirmation, 'Confirm'%><br />

    app/controllers/users_controller.rb:29:in `new'
    <internal:prelude>:8:in `synchronize'
    C:/Ruby19/lib/ruby/1.9.1/webrick/httpserver.rb:111:in `service'
    C:/Ruby19/lib/ruby/1.9.1/webrick/httpserver.rb:70:in `run'
    C:/Ruby19/lib/ruby/1.9.1/webrick/server.rb:183:in `block in start_thread'

Rendered rescues/_trace (117.0ms)
Rendered rescues/_request_and_response (0.0ms)
Rendering rescues/layout (internal_server_error)
  [4;35;1mSQL (0.0ms)[0m   [0mSET NAMES 'utf8'[0m
  [4;36;1mSQL (0.0ms)[0m   [0;1mSET SQL_AUTO_IS_NULL=0[0m


Processing UsersController#new (for 127.0.0.1 at 2010-04-07 15:06:03) [GET]
  [4;35;1mUser Columns (3.0ms)[0m   [0mSHOW FIELDS FROM `users`[0m
Rendering template within layouts/users
Rendering users/new
ERROR: compiling _run_erb_app47views47users47new46html46erb RAISED C:/Users/thomasuster/War_game/back/app/views/users/new.html.erb:20: syntax error, unexpected ':', expecting ')'
...(( f.password_field :password :size => 40 ).to_s); @output_b...
...                               ^
Function body:           def _run_erb_app47views47users47new46html46erb(local_assigns)
            old_output_buffer = output_buffer;;@output_buffer = '';  __in_erb_template=true ; @output_buffer.concat "<h1>New user</h1>\n\n"

;  form_for(@user) do |f| ; @output_buffer.concat "\n  "
; @output_buffer.concat(( f.error_messages ).to_s); @output_buffer.concat "\n\n  <p>\n    "


; @output_buffer.concat(( f.label :uuid ).to_s); @output_buffer.concat "<br />\n    "
; @output_buffer.concat(( f.text_field :uuid ).to_s); @output_buffer.concat "\n  </p>\n  <p>\n    "


; @output_buffer.concat(( f.label :name ).to_s); @output_buffer.concat "<br />\n    "
; @output_buffer.concat(( f.text_field :name ).to_s); @output_buffer.concat "\n  </p>\n  <p>\n    "


; @output_buffer.concat(( f.label :email ).to_s); @output_buffer.concat "<br />\n    "
; @output_buffer.concat(( f.text_field :email ).to_s); @output_buffer.concat "\n  </p>\n  <p>\n    "


; @output_buffer.concat(( f.label :password, 'Password' ).to_s); @output_buffer.concat "<br />\n    "
; @output_buffer.concat(( f.password_field :password :size => 40 ).to_s); @output_buffer.concat "\n  </p>\n  <p>\n    "


; @output_buffer.concat(( f.label :password_confirmation, 'Confirm').to_s); @output_buffer.concat "<br />\n    "
; @output_buffer.concat(( f.password_field :password_confirmation, :size => 40 ).to_s); @output_buffer.concat "\n  </p>\n  <p>\n    "


; @output_buffer.concat(( f.submit 'Add User', :class => "submit" ).to_s); @output_buffer.concat "\n  </p>\n"

;  end ; @output_buffer.concat "\n\n"

; @output_buffer.concat(( link_to 'Back', users_path ).to_s); @output_buffer.force_encoding(__ENCODING__)
          ensure
            self.output_buffer = old_output_buffer
          end
Backtrace: C:/Ruby19/lib/ruby/gems/1.9.1/gems/actionpack-2.3.5/lib/action_view/renderable.rb:77:in `module_eval'
C:/Ruby19/lib/ruby/gems/1.9.1/gems/actionpack-2.3.5/lib/action_view/renderable.rb:77:in `compile!'
C:/Ruby19/lib/ruby/gems/1.9.1/gems/actionpack-2.3.5/lib/action_view/renderable.rb:61:in `compile'
C:/Ruby19/lib/ruby/gems/1.9.1/gems/actionpack-2.3.5/lib/action_view/renderable.rb:28:in `render'
C:/Ruby19/lib/ruby/gems/1.9.1/gems/actionpack-2.3.5/lib/action_view/template.rb:205:in `render_template'
C:/Ruby19/lib/ruby/gems/1.9.1/gems/actionpack-2.3.5/lib/action_view/base.rb:265:in `render'
C:/Ruby19/lib/ruby/gems/1.9.1/gems/actionpack-2.3.5/lib/action_view/base.rb:348:in `_render_with_layout'
C:/Ruby19/lib/ruby/gems/1.9.1/gems/actionpack-2.3.5/lib/action_view/base.rb:262:in `render'
C:/Ruby19/lib/ruby/gems/1.9.1/gems/actionpack-2.3.5/lib/action_controller/base.rb:1250:in `render_for_file'
C:/Ruby19/lib/ruby/gems/1.9.1/gems/actionpack-2.3.5/lib/action_controller/base.rb:951:in `render'
C:/Ruby19/lib/ruby/gems/1.9.1/gems/actionpack-2.3.5/lib/action_controller/benchmarking.rb:51:in `block in render_with_benchmark'
C:/Ruby19/lib/ruby/gems/1.9.1/gems/activesupport-2.3.5/lib/active_support/core_ext/benchmark.rb:17:in `block in ms'
C:/Ruby19/lib/ruby/1.9.1/benchmark.rb:309:in `realtime'
C:/Ruby19/lib/ruby/gems/1.9.1/gems/activesupport-2.3.5/lib/active_support/core_ext/benchmark.rb:17:in `ms'
C:/Ruby19/lib/ruby/gems/1.9.1/gems/actionpack-2.3.5/lib/action_controller/benchmarking.rb:51:in `render_with_benchmark'
C:/Ruby19/lib/ruby/gems/1.9.1/gems/actionpack-2.3.5/lib/action_controller/mime_responds.rb:135:in `block in custom'
C:/Ruby19/lib/ruby/gems/1.9.1/gems/actionpack-2.3.5/lib/action_controller/mime_responds.rb:179:in `call'
C:/Ruby19/lib/ruby/gems/1.9.1/gems/actionpack-2.3.5/lib/action_controller/mime_responds.rb:179:in `block in respond'
C:/Ruby19/lib/ruby/gems/1.9.1/gems/actionpack-2.3.5/lib/action_controller/mime_responds.rb:173:in `each'
C:/Ruby19/lib/ruby/gems/1.9.1/gems/actionpack-2.3.5/lib/action_controller/mime_responds.rb:173:in `respond'
C:/Ruby19/lib/ruby/gems/1.9.1/gems/actionpack-2.3.5/lib/action_controller/mime_responds.rb:107:in `respond_to'
C:/Users/thomasuster/War_game/back/app/controllers/users_controller.rb:29:in `new'
C:/Ruby19/lib/ruby/gems/1.9.1/gems/actionpack-2.3.5/lib/action_controller/base.rb:1331:in `perform_action'
C:/Ruby19/lib/ruby/gems/1.9.1/gems/actionpack-2.3.5/lib/action_controller/filters.rb:617:in `call_filters'
C:/Ruby19/lib/ruby/gems/1.9.1/gems/actionpack-2.3.5/lib/action_controller/filters.rb:610:in `perform_action_with_filters'
C:/Ruby19/lib/ruby/gems/1.9.1/gems/actionpack-2.3.5/lib/action_controller/benchmarking.rb:68:in `block in perform_action_with_benchmark'
C:/Ruby19/lib/ruby/gems/1.9.1/gems/activesupport-2.3.5/lib/active_support/core_ext/benchmark.rb:17:in `block in ms'
C:/Ruby19/lib/ruby/1.9.1/benchmark.rb:309:in `realtime'
C:/Ruby19/lib/ruby/gems/1.9.1/gems/activesupport-2.3.5/lib/active_support/core_ext/benchmark.rb:17:in `ms'
C:/Ruby19/lib/ruby/gems/1.9.1/gems/actionpack-2.3.5/lib/action_controller/benchmarking.rb:68:in `perform_action_with_benchmark'
C:/Ruby19/lib/ruby/gems/1.9.1/gems/actionpack-2.3.5/lib/action_controller/rescue.rb:160:in `perform_action_with_rescue'
C:/Ruby19/lib/ruby/gems/1.9.1/gems/actionpack-2.3.5/lib/action_controller/flash.rb:146:in `perform_action_with_flash'
C:/Ruby19/lib/ruby/gems/1.9.1/gems/actionpack-2.3.5/lib/action_controller/base.rb:532:in `process'
C:/Ruby19/lib/ruby/gems/1.9.1/gems/actionpack-2.3.5/lib/action_controller/filters.rb:606:in `process_with_filters'
C:/Ruby19/lib/ruby/gems/1.9.1/gems/actionpack-2.3.5/lib/action_controller/base.rb:391:in `process'
C:/Ruby19/lib/ruby/gems/1.9.1/gems/actionpack-2.3.5/lib/action_controller/base.rb:386:in `call'
C:/Ruby19/lib/ruby/gems/1.9.1/gems/actionpack-2.3.5/lib/action_controller/routing/route_set.rb:437:in `call'
C:/Ruby19/lib/ruby/gems/1.9.1/gems/actionpack-2.3.5/lib/action_controller/dispatcher.rb:87:in `dispatch'
C:/Ruby19/lib/ruby/gems/1.9.1/gems/actionpack-2.3.5/lib/action_controller/dispatcher.rb:121:in `_call'
C:/Ruby19/lib/ruby/gems/1.9.1/gems/actionpack-2.3.5/lib/action_controller/dispatcher.rb:130:in `block in build_middleware_stack'
C:/Ruby19/lib/ruby/gems/1.9.1/gems/activerecord-2.3.5/lib/active_record/query_cache.rb:29:in `call'
C:/Ruby19/lib/ruby/gems/1.9.1/gems/activerecord-2.3.5/lib/active_record/query_cache.rb:29:in `block in call'
C:/Ruby19/lib/ruby/gems/1.9.1/gems/activerecord-2.3.5/lib/active_record/connection_adapters/abstract/query_cache.rb:34:in `cache'
C:/Ruby19/lib/ruby/gems/1.9.1/gems/activerecord-2.3.5/lib/active_record/query_cache.rb:9:in `cache'
C:/Ruby19/lib/ruby/gems/1.9.1/gems/activerecord-2.3.5/lib/active_record/query_cache.rb:28:in `call'
C:/Ruby19/lib/ruby/gems/1.9.1/gems/activerecord-2.3.5/lib/active_record/connection_adapters/abstract/connection_pool.rb:361:in `call'
C:/Ruby19/lib/ruby/gems/1.9.1/gems/actionpack-2.3.5/lib/action_controller/string_coercion.rb:25:in `call'
C:/Ruby19/lib/ruby/gems/1.9.1/gems/rack-1.0.1/lib/rack/head.rb:9:in `call'
C:/Ruby19/lib/ruby/gems/1.9.1/gems/rack-1.0.1/lib/rack/methodoverride.rb:24:in `call'
C:/Ruby19/lib/ruby/gems/1.9.1/gems/actionpack-2.3.5/lib/action_controller/params_parser.rb:15:in `call'
C:/Ruby19/lib/ruby/gems/1.9.1/gems/actionpack-2.3.5/lib/action_controller/session/cookie_store.rb:93:in `call'
C:/Ruby19/lib/ruby/gems/1.9.1/gems/actionpack-2.3.5/lib/action_controller/failsafe.rb:26:in `call'
C:/Ruby19/lib/ruby/gems/1.9.1/gems/rack-1.0.1/lib/rack/lock.rb:11:in `block in call'
<internal:prelude>:8:in `synchronize'
C:/Ruby19/lib/ruby/gems/1.9.1/gems/rack-1.0.1/lib/rack/lock.rb:11:in `call'
C:/Ruby19/lib/ruby/gems/1.9.1/gems/actionpack-2.3.5/lib/action_controller/dispatcher.rb:114:in `block in call'
C:/Ruby19/lib/ruby/gems/1.9.1/gems/actionpack-2.3.5/lib/action_controller/reloader.rb:34:in `run'
C:/Ruby19/lib/ruby/gems/1.9.1/gems/actionpack-2.3.5/lib/action_controller/dispatcher.rb:108:in `call'
C:/Ruby19/lib/ruby/gems/1.9.1/gems/rails-2.3.5/lib/rails/rack/static.rb:31:in `call'
C:/Ruby19/lib/ruby/gems/1.9.1/gems/rack-1.0.1/lib/rack/urlmap.rb:46:in `block in call'
C:/Ruby19/lib/ruby/gems/1.9.1/gems/rack-1.0.1/lib/rack/urlmap.rb:40:in `each'
C:/Ruby19/lib/ruby/gems/1.9.1/gems/rack-1.0.1/lib/rack/urlmap.rb:40:in `call'
C:/Ruby19/lib/ruby/gems/1.9.1/gems/rails-2.3.5/lib/rails/rack/log_tailer.rb:17:in `call'
C:/Ruby19/lib/ruby/gems/1.9.1/gems/rack-1.0.1/lib/rack/content_length.rb:13:in `call'
C:/Ruby19/lib/ruby/gems/1.9.1/gems/rack-1.0.1/lib/rack/handler/webrick.rb:50:in `service'
C:/Ruby19/lib/ruby/1.9.1/webrick/httpserver.rb:111:in `service'
C:/Ruby19/lib/ruby/1.9.1/webrick/httpserver.rb:70:in `run'
C:/Ruby19/lib/ruby/1.9.1/webrick/server.rb:183:in `block in start_thread'

ActionView::TemplateError (C:/Users/thomasuster/War_game/back/app/views/users/new.html.erb:20: syntax error, unexpected ':', expecting ')'
...(( f.password_field :password :size => 40 ).to_s); @output_b...
...                               ^) on line #20 of app/views/users/new.html.erb:
17:   </p>
18:   <p>
19:     <%= f.label :password, 'Password' %><br />
20:     <%= f.password_field :password :size => 40 %>
21:   </p>
22:   <p>
23:     <%= f.label :password_confirmation, 'Confirm'%><br />

    app/controllers/users_controller.rb:29:in `new'
    <internal:prelude>:8:in `synchronize'
    C:/Ruby19/lib/ruby/1.9.1/webrick/httpserver.rb:111:in `service'
    C:/Ruby19/lib/ruby/1.9.1/webrick/httpserver.rb:70:in `run'
    C:/Ruby19/lib/ruby/1.9.1/webrick/server.rb:183:in `block in start_thread'

Rendered rescues/_trace (79.0ms)
Rendered rescues/_request_and_response (0.0ms)
Rendering rescues/layout (internal_server_error)
  [4;36;1mSQL (0.0ms)[0m   [0;1mSET NAMES 'utf8'[0m
  [4;35;1mSQL (0.0ms)[0m   [0mSET SQL_AUTO_IS_NULL=0[0m


Processing UsersController#new (for 127.0.0.1 at 2010-04-07 15:07:06) [GET]
  [4;36;1mUser Columns (4.0ms)[0m   [0;1mSHOW FIELDS FROM `users`[0m
Rendering template within layouts/users
Rendering users/new
Completed in 2936ms (View: 2909, DB: 4) | 200 OK [http://localhost/users/new]
  [4;35;1mSQL (0.0ms)[0m   [0mSET NAMES 'utf8'[0m
  [4;36;1mSQL (0.0ms)[0m   [0;1mSET SQL_AUTO_IS_NULL=0[0m


Processing UsersController#new (for 127.0.0.1 at 2010-04-07 15:07:09) [GET]
  [4;35;1mUser Columns (2.0ms)[0m   [0mSHOW FIELDS FROM `users`[0m
Rendering template within layouts/users
Rendering users/new
Completed in 32ms (View: 6, DB: 2) | 200 OK [http://localhost/users/new]
  [4;36;1mSQL (0.0ms)[0m   [0;1mSET NAMES 'utf8'[0m
  [4;35;1mSQL (0.0ms)[0m   [0mSET SQL_AUTO_IS_NULL=0[0m


Processing UsersController#new (for 127.0.0.1 at 2010-04-07 15:07:09) [GET]
  [4;36;1mUser Columns (3.0ms)[0m   [0;1mSHOW FIELDS FROM `users`[0m
Rendering template within layouts/users
Rendering users/new
Completed in 31ms (View: 5, DB: 3) | 200 OK [http://localhost/users/new]
  [4;36;1mSQL (0.0ms)[0m   [0;1mSET NAMES 'utf8'[0m
  [4;35;1mSQL (0.0ms)[0m   [0mSET SQL_AUTO_IS_NULL=0[0m
  [4;36;1mSQL (1.0ms)[0m   [0;1mSHOW TABLES[0m
  [4;35;1mSQL (1.0ms)[0m   [0mSELECT version FROM schema_migrations[0m
Migrating to CreateUsers (20100407214115)
Migrating to ModifyUuid (20100407221948)
  [4;36;1mSQL (0.0ms)[0m   [0;1mMysql::Error: Table 'war_game_development.products' doesn't exist: SHOW FIELDS FROM `products`[0m
  [4;36;1mSQL (1.0ms)[0m   [0;1mSET NAMES 'utf8'[0m
  [4;35;1mSQL (0.0ms)[0m   [0mSET SQL_AUTO_IS_NULL=0[0m
  [4;36;1mSQL (1.0ms)[0m   [0;1mSHOW TABLES[0m
  [4;35;1mSQL (0.0ms)[0m   [0mSELECT version FROM schema_migrations[0m
Migrating to CreateUsers (20100407214115)
Migrating to ModifyUuid (20100407221948)
  [4;36;1mSQL (3.0ms)[0m   [0;1mSHOW FIELDS FROM `users`[0m
  [4;35;1mSQL (0.0ms)[0m   [0mMysql::Error: You have an error in your SQL syntax; check the manual that corresponds to your MySQL server version for the right syntax to use near '{:limit=>36, :primary=>true} DEFAULT NULL' at line 1: ALTER TABLE `users` CHANGE `uuid` `uuid` {:limit=>36, :primary=>true} DEFAULT NULL[0m
  [4;36;1mSQL (0.0ms)[0m   [0;1mSET NAMES 'utf8'[0m
  [4;35;1mSQL (0.0ms)[0m   [0mSET SQL_AUTO_IS_NULL=0[0m
  [4;36;1mSQL (1.0ms)[0m   [0;1mSHOW TABLES[0m
  [4;35;1mSQL (0.0ms)[0m   [0mSELECT version FROM schema_migrations[0m
Migrating to CreateUsers (20100407214115)
Migrating to ModifyUuid (20100407221948)
  [4;36;1mSQL (3.0ms)[0m   [0;1mSHOW FIELDS FROM `users`[0m
  [4;35;1mSQL (0.0ms)[0m   [0mMysql::Error: You have an error in your SQL syntax; check the manual that corresponds to your MySQL server version for the right syntax to use near '{:primary=>false} NOT NULL' at line 1: ALTER TABLE `users` CHANGE `id` `id` {:primary=>false} NOT NULL[0m
  [4;36;1mSQL (1.0ms)[0m   [0;1mSET NAMES 'utf8'[0m
  [4;35;1mSQL (0.0ms)[0m   [0mSET SQL_AUTO_IS_NULL=0[0m
  [4;36;1mSQL (1.0ms)[0m   [0;1mSHOW TABLES[0m
  [4;35;1mSQL (1.0ms)[0m   [0mSELECT version FROM schema_migrations[0m
Migrating to CreateUsers (20100407214115)
Migrating to ModifyUuid (20100407221948)
  [4;36;1mSQL (3.0ms)[0m   [0;1mSHOW FIELDS FROM `users`[0m
  [4;35;1mSQL (0.0ms)[0m   [0mMysql::Error: You have an error in your SQL syntax; check the manual that corresponds to your MySQL server version for the right syntax to use near '{:primary=>false} NOT NULL' at line 1: ALTER TABLE `users` CHANGE `id` `id` {:primary=>false} NOT NULL[0m
  [4;36;1mSQL (0.0ms)[0m   [0;1mSET NAMES 'utf8'[0m
  [4;35;1mSQL (0.0ms)[0m   [0mSET SQL_AUTO_IS_NULL=0[0m
  [4;36;1mSQL (1.0ms)[0m   [0;1mSHOW TABLES[0m
  [4;35;1mSQL (0.0ms)[0m   [0mSELECT version FROM schema_migrations[0m
Migrating to CreateUsers (20100407214115)
Migrating to ModifyUuid (20100407221948)
  [4;36;1mSQL (3.0ms)[0m   [0;1mSHOW FIELDS FROM `users`[0m
  [4;35;1mSQL (0.0ms)[0m   [0mMysql::Error: You have an error in your SQL syntax; check the manual that corresponds to your MySQL server version for the right syntax to use near '{:primary=>false} NOT NULL' at line 1: ALTER TABLE `users` CHANGE `id` `id` {:primary=>false} NOT NULL[0m
  [4;36;1mSQL (1.0ms)[0m   [0;1mSET NAMES 'utf8'[0m
  [4;35;1mSQL (0.0ms)[0m   [0mSET SQL_AUTO_IS_NULL=0[0m
  [4;36;1mSQL (1.0ms)[0m   [0;1mSHOW TABLES[0m
  [4;35;1mSQL (1.0ms)[0m   [0mSELECT version FROM schema_migrations[0m
Migrating to CreateUsers (20100407214115)
Migrating to ModifyUuid (20100407221948)
  [4;36;1mSQL (146.0ms)[0m   [0;1mALTER TABLE `users` DROP `uuid`[0m
  [4;35;1mSQL (149.0ms)[0m   [0mALTER TABLE `users` ADD `uuid` varchar(36)[0m
  [4;36;1mSQL (27.0ms)[0m   [0;1mINSERT INTO schema_migrations (version) VALUES ('20100407221948')[0m
  [4;35;1mSQL (0.0ms)[0m   [0mSHOW TABLES[0m
  [4;36;1mSQL (0.0ms)[0m   [0;1mSELECT version FROM schema_migrations[0m
  [4;35;1mSQL (1.0ms)[0m   [0mSHOW TABLES[0m
  [4;36;1mSQL (2.0ms)[0m   [0;1mSHOW FIELDS FROM `users`[0m
  [4;35;1mSQL (3.0ms)[0m   [0mdescribe `users`[0m
  [4;36;1mSQL (1.0ms)[0m   [0;1mSHOW KEYS FROM `users`[0m
  [4;35;1mSQL (0.0ms)[0m   [0mSET NAMES 'utf8'[0m
  [4;36;1mSQL (0.0ms)[0m   [0;1mSET SQL_AUTO_IS_NULL=0[0m


Processing UsersController#new (for 127.0.0.1 at 2010-04-07 15:58:25) [GET]

MissingSourceFile (no such file to load -- uuidtools):
  lib/uuid_helper.rb:2:in `<top (required)>'
  app/models/user.rb:5:in `<class:User>'
  app/models/user.rb:3:in `<top (required)>'
  app/controllers/users_controller.rb:27:in `new'
  <internal:prelude>:8:in `synchronize'
  C:/Ruby19/lib/ruby/1.9.1/webrick/httpserver.rb:111:in `service'
  C:/Ruby19/lib/ruby/1.9.1/webrick/httpserver.rb:70:in `run'
  C:/Ruby19/lib/ruby/1.9.1/webrick/server.rb:183:in `block in start_thread'

Rendered rescues/_trace (84.0ms)
Rendered rescues/_request_and_response (0.0ms)
Rendering rescues/layout (internal_server_error)
  [4;35;1mSQL (0.0ms)[0m   [0mSET NAMES 'utf8'[0m
  [4;36;1mSQL (0.0ms)[0m   [0;1mSET SQL_AUTO_IS_NULL=0[0m


Processing UsersController#new (for 127.0.0.1 at 2010-04-07 16:00:57) [GET]
  [4;35;1mSQL (1.0ms)[0m   [0mSHOW TABLES[0m
  [4;36;1mUser Columns (3.0ms)[0m   [0;1mSHOW FIELDS FROM `users`[0m
  [4;35;1mSQL (1.0ms)[0m   [0mSHOW TABLES[0m
  [4;36;1mUser Columns (4.0ms)[0m   [0;1mSHOW FIELDS FROM `users`[0m

NameError (undefined local variable or method `lib' for #<Class:0x540bc60>):
  app/models/user.rb:5:in `<class:User>'
  app/models/user.rb:3:in `<top (required)>'
  app/controllers/users_controller.rb:27:in `new'
  <internal:prelude>:8:in `synchronize'
  C:/Ruby19/lib/ruby/1.9.1/webrick/httpserver.rb:111:in `service'
  C:/Ruby19/lib/ruby/1.9.1/webrick/httpserver.rb:70:in `run'
  C:/Ruby19/lib/ruby/1.9.1/webrick/server.rb:183:in `block in start_thread'

Rendered rescues/_trace (68.0ms)
Rendered rescues/_request_and_response (0.0ms)
Rendering rescues/layout (internal_server_error)
  [4;35;1mSQL (0.0ms)[0m   [0mSET NAMES 'utf8'[0m
  [4;36;1mSQL (0.0ms)[0m   [0;1mSET SQL_AUTO_IS_NULL=0[0m


Processing UsersController#new (for 127.0.0.1 at 2010-04-07 16:01:48) [GET]
  [4;35;1mSQL (1.0ms)[0m   [0mSHOW TABLES[0m
  [4;36;1mUser Columns (3.0ms)[0m   [0;1mSHOW FIELDS FROM `users`[0m
  [4;35;1mSQL (0.0ms)[0m   [0mSHOW TABLES[0m
  [4;36;1mUser Columns (3.0ms)[0m   [0;1mSHOW FIELDS FROM `users`[0m

NameError (undefined local variable or method `lib' for #<Class:0x4c3a7c0>):
  app/models/user.rb:5:in `<class:User>'
  app/models/user.rb:3:in `<top (required)>'
  app/controllers/users_controller.rb:27:in `new'
  <internal:prelude>:8:in `synchronize'
  C:/Ruby19/lib/ruby/1.9.1/webrick/httpserver.rb:111:in `service'
  C:/Ruby19/lib/ruby/1.9.1/webrick/httpserver.rb:70:in `run'
  C:/Ruby19/lib/ruby/1.9.1/webrick/server.rb:183:in `block in start_thread'

Rendered rescues/_trace (69.0ms)
Rendered rescues/_request_and_response (0.0ms)
Rendering rescues/layout (internal_server_error)
  [4;35;1mSQL (0.0ms)[0m   [0mSET NAMES 'utf8'[0m
  [4;36;1mSQL (0.0ms)[0m   [0;1mSET SQL_AUTO_IS_NULL=0[0m


Processing UsersController#new (for 127.0.0.1 at 2010-04-07 16:01:49) [GET]
  [4;35;1mSQL (1.0ms)[0m   [0mSHOW TABLES[0m
  [4;36;1mUser Columns (3.0ms)[0m   [0;1mSHOW FIELDS FROM `users`[0m
  [4;35;1mSQL (1.0ms)[0m   [0mSHOW TABLES[0m
  [4;36;1mUser Columns (2.0ms)[0m   [0;1mSHOW FIELDS FROM `users`[0m

NameError (undefined local variable or method `lib' for #<Class:0x3404be0>):
  app/models/user.rb:5:in `<class:User>'
  app/models/user.rb:3:in `<top (required)>'
  app/controllers/users_controller.rb:27:in `new'
  <internal:prelude>:8:in `synchronize'
  C:/Ruby19/lib/ruby/1.9.1/webrick/httpserver.rb:111:in `service'
  C:/Ruby19/lib/ruby/1.9.1/webrick/httpserver.rb:70:in `run'
  C:/Ruby19/lib/ruby/1.9.1/webrick/server.rb:183:in `block in start_thread'

Rendered rescues/_trace (105.0ms)
Rendered rescues/_request_and_response (0.0ms)
Rendering rescues/layout (internal_server_error)
  [4;35;1mSQL (0.0ms)[0m   [0mSET NAMES 'utf8'[0m
  [4;36;1mSQL (0.0ms)[0m   [0;1mSET SQL_AUTO_IS_NULL=0[0m


Processing UsersController#new (for 127.0.0.1 at 2010-04-07 16:04:46) [GET]
  [4;35;1mSQL (1.0ms)[0m   [0mSHOW TABLES[0m
  [4;36;1mUser Columns (2.0ms)[0m   [0;1mSHOW FIELDS FROM `users`[0m
  [4;35;1mSQL (1.0ms)[0m   [0mSHOW TABLES[0m
  [4;36;1mUser Columns (3.0ms)[0m   [0;1mSHOW FIELDS FROM `users`[0m

NameError (undefined local variable or method `lib' for #<Class:0x5046e80>):
  app/models/user.rb:5:in `<class:User>'
  app/models/user.rb:3:in `<top (required)>'
  app/controllers/users_controller.rb:27:in `new'
  <internal:prelude>:8:in `synchronize'
  C:/Ruby19/lib/ruby/1.9.1/webrick/httpserver.rb:111:in `service'
  C:/Ruby19/lib/ruby/1.9.1/webrick/httpserver.rb:70:in `run'
  C:/Ruby19/lib/ruby/1.9.1/webrick/server.rb:183:in `block in start_thread'

Rendered rescues/_trace (68.0ms)
Rendered rescues/_request_and_response (1.0ms)
Rendering rescues/layout (internal_server_error)
  [4;35;1mSQL (0.0ms)[0m   [0mSET NAMES 'utf8'[0m
  [4;36;1mSQL (0.0ms)[0m   [0;1mSET SQL_AUTO_IS_NULL=0[0m


Processing UsersController#new (for 127.0.0.1 at 2010-04-07 16:04:52) [GET]
  [4;35;1mSQL (1.0ms)[0m   [0mSHOW TABLES[0m
  [4;36;1mUser Columns (2.0ms)[0m   [0;1mSHOW FIELDS FROM `users`[0m
  [4;35;1mSQL (2.0ms)[0m   [0mSHOW TABLES[0m
  [4;36;1mUser Columns (3.0ms)[0m   [0;1mSHOW FIELDS FROM `users`[0m

NameError (undefined local variable or method `lib' for #<Class:0x3cee400>):
  app/models/user.rb:5:in `<class:User>'
  app/models/user.rb:3:in `<top (required)>'
  app/controllers/users_controller.rb:27:in `new'
  <internal:prelude>:8:in `synchronize'
  C:/Ruby19/lib/ruby/1.9.1/webrick/httpserver.rb:111:in `service'
  C:/Ruby19/lib/ruby/1.9.1/webrick/httpserver.rb:70:in `run'
  C:/Ruby19/lib/ruby/1.9.1/webrick/server.rb:183:in `block in start_thread'

Rendered rescues/_trace (116.0ms)
Rendered rescues/_request_and_response (0.0ms)
Rendering rescues/layout (internal_server_error)
  [4;35;1mSQL (0.0ms)[0m   [0mSET NAMES 'utf8'[0m
  [4;36;1mSQL (0.0ms)[0m   [0;1mSET SQL_AUTO_IS_NULL=0[0m


Processing UsersController#new (for 127.0.0.1 at 2010-04-07 16:05:17) [GET]

SyntaxError (C:/Users/thomasuster/War_game/back/app/models/user.rb:5: unknown regexp options - lb):
  app/controllers/users_controller.rb:27:in `new'
  <internal:prelude>:8:in `synchronize'
  C:/Ruby19/lib/ruby/1.9.1/webrick/httpserver.rb:111:in `service'
  C:/Ruby19/lib/ruby/1.9.1/webrick/httpserver.rb:70:in `run'
  C:/Ruby19/lib/ruby/1.9.1/webrick/server.rb:183:in `block in start_thread'

Rendered rescues/_trace (65.0ms)
Rendered rescues/_request_and_response (1.0ms)
Rendering rescues/layout (internal_server_error)
  [4;35;1mSQL (0.0ms)[0m   [0mSET NAMES 'utf8'[0m
  [4;36;1mSQL (0.0ms)[0m   [0;1mSET SQL_AUTO_IS_NULL=0[0m


Processing UsersController#new (for 127.0.0.1 at 2010-04-07 16:05:18) [GET]

SyntaxError (C:/Users/thomasuster/War_game/back/app/models/user.rb:5: unknown regexp options - lb):
  app/controllers/users_controller.rb:27:in `new'
  <internal:prelude>:8:in `synchronize'
  C:/Ruby19/lib/ruby/1.9.1/webrick/httpserver.rb:111:in `service'
  C:/Ruby19/lib/ruby/1.9.1/webrick/httpserver.rb:70:in `run'
  C:/Ruby19/lib/ruby/1.9.1/webrick/server.rb:183:in `block in start_thread'

Rendered rescues/_trace (65.0ms)
Rendered rescues/_request_and_response (0.0ms)
Rendering rescues/layout (internal_server_error)
  [4;35;1mSQL (0.0ms)[0m   [0mSET NAMES 'utf8'[0m
  [4;36;1mSQL (1.0ms)[0m   [0;1mSET SQL_AUTO_IS_NULL=0[0m


Processing UsersController#new (for 127.0.0.1 at 2010-04-07 16:05:35) [GET]
  [4;35;1mUser Columns (3.0ms)[0m   [0mSHOW FIELDS FROM `users`[0m
Rendering template within layouts/users
Rendering users/new
Completed in 33ms (View: 6, DB: 4) | 200 OK [http://localhost/users/new]
  [4;36;1mSQL (0.0ms)[0m   [0;1mSET NAMES 'utf8'[0m
  [4;35;1mSQL (1.0ms)[0m   [0mSET SQL_AUTO_IS_NULL=0[0m


Processing UsersController#new (for 127.0.0.1 at 2010-04-07 16:06:20) [GET]

SyntaxError (C:/Users/thomasuster/War_game/back/app/models/user.rb:5: unknown regexp options - lb):
  app/controllers/users_controller.rb:27:in `new'
  <internal:prelude>:8:in `synchronize'
  C:/Ruby19/lib/ruby/1.9.1/webrick/httpserver.rb:111:in `service'
  C:/Ruby19/lib/ruby/1.9.1/webrick/httpserver.rb:70:in `run'
  C:/Ruby19/lib/ruby/1.9.1/webrick/server.rb:183:in `block in start_thread'

Rendered rescues/_trace (102.0ms)
Rendered rescues/_request_and_response (0.0ms)
Rendering rescues/layout (internal_server_error)
  [4;36;1mSQL (1.0ms)[0m   [0;1mSET NAMES 'utf8'[0m
  [4;35;1mSQL (0.0ms)[0m   [0mSET SQL_AUTO_IS_NULL=0[0m


Processing UsersController#new (for 127.0.0.1 at 2010-04-07 16:06:22) [GET]

SyntaxError (C:/Users/thomasuster/War_game/back/app/models/user.rb:5: unknown regexp options - lb):
  app/controllers/users_controller.rb:27:in `new'
  <internal:prelude>:8:in `synchronize'
  C:/Ruby19/lib/ruby/1.9.1/webrick/httpserver.rb:111:in `service'
  C:/Ruby19/lib/ruby/1.9.1/webrick/httpserver.rb:70:in `run'
  C:/Ruby19/lib/ruby/1.9.1/webrick/server.rb:183:in `block in start_thread'

Rendered rescues/_trace (65.0ms)
Rendered rescues/_request_and_response (2.0ms)
Rendering rescues/layout (internal_server_error)
  [4;36;1mSQL (0.0ms)[0m   [0;1mSET NAMES 'utf8'[0m
  [4;35;1mSQL (0.0ms)[0m   [0mSET SQL_AUTO_IS_NULL=0[0m
  [4;36;1mSQL (1.0ms)[0m   [0;1mSHOW TABLES[0m
  [4;35;1mSQL (1.0ms)[0m   [0mSELECT version FROM schema_migrations[0m
Migrating to CreateUsers (20100407214115)
Migrating to ModifyUuid (20100407221948)
  [4;36;1mSQL (1.0ms)[0m   [0;1mSHOW TABLES[0m
  [4;35;1mSQL (0.0ms)[0m   [0mSELECT version FROM schema_migrations[0m
  [4;36;1mSQL (0.0ms)[0m   [0;1mSHOW TABLES[0m
  [4;35;1mSQL (3.0ms)[0m   [0mSHOW FIELDS FROM `users`[0m
  [4;36;1mSQL (2.0ms)[0m   [0;1mdescribe `users`[0m
  [4;35;1mSQL (0.0ms)[0m   [0mSHOW KEYS FROM `users`[0m
  [4;36;1mSQL (0.0ms)[0m   [0;1mSET NAMES 'utf8'[0m
  [4;35;1mSQL (0.0ms)[0m   [0mSET SQL_AUTO_IS_NULL=0[0m


Processing UsersController#new (for 127.0.0.1 at 2010-04-07 16:09:27) [GET]

SyntaxError (C:/Users/thomasuster/War_game/back/app/models/user.rb:5: unknown regexp options - lb):
  app/controllers/users_controller.rb:27:in `new'
  <internal:prelude>:8:in `synchronize'
  C:/Ruby19/lib/ruby/1.9.1/webrick/httpserver.rb:111:in `service'
  C:/Ruby19/lib/ruby/1.9.1/webrick/httpserver.rb:70:in `run'
  C:/Ruby19/lib/ruby/1.9.1/webrick/server.rb:183:in `block in start_thread'

Rendered rescues/_trace (66.0ms)
Rendered rescues/_request_and_response (0.0ms)
Rendering rescues/layout (internal_server_error)
  [4;36;1mSQL (0.0ms)[0m   [0;1mSET NAMES 'utf8'[0m
  [4;35;1mSQL (0.0ms)[0m   [0mSET SQL_AUTO_IS_NULL=0[0m


Processing UsersController#new (for 127.0.0.1 at 2010-04-07 16:09:28) [GET]

SyntaxError (C:/Users/thomasuster/War_game/back/app/models/user.rb:5: unknown regexp options - lb):
  app/controllers/users_controller.rb:27:in `new'
  <internal:prelude>:8:in `synchronize'
  C:/Ruby19/lib/ruby/1.9.1/webrick/httpserver.rb:111:in `service'
  C:/Ruby19/lib/ruby/1.9.1/webrick/httpserver.rb:70:in `run'
  C:/Ruby19/lib/ruby/1.9.1/webrick/server.rb:183:in `block in start_thread'

Rendered rescues/_trace (64.0ms)
Rendered rescues/_request_and_response (1.0ms)
Rendering rescues/layout (internal_server_error)
  [4;36;1mSQL (0.0ms)[0m   [0;1mSET NAMES 'utf8'[0m
  [4;35;1mSQL (0.0ms)[0m   [0mSET SQL_AUTO_IS_NULL=0[0m


Processing UsersController#new (for 127.0.0.1 at 2010-04-07 16:09:30) [GET]

SyntaxError (C:/Users/thomasuster/War_game/back/app/models/user.rb:5: unknown regexp options - lb):
  app/controllers/users_controller.rb:27:in `new'
  <internal:prelude>:8:in `synchronize'
  C:/Ruby19/lib/ruby/1.9.1/webrick/httpserver.rb:111:in `service'
  C:/Ruby19/lib/ruby/1.9.1/webrick/httpserver.rb:70:in `run'
  C:/Ruby19/lib/ruby/1.9.1/webrick/server.rb:183:in `block in start_thread'

Rendered rescues/_trace (64.0ms)
Rendered rescues/_request_and_response (0.0ms)
Rendering rescues/layout (internal_server_error)
  [4;36;1mSQL (0.0ms)[0m   [0;1mSET NAMES 'utf8'[0m
  [4;35;1mSQL (0.0ms)[0m   [0mSET SQL_AUTO_IS_NULL=0[0m


Processing UsersController#new (for 127.0.0.1 at 2010-04-07 16:13:22) [GET]

SyntaxError (C:/Users/thomasuster/War_game/back/app/models/user.rb:5: unknown regexp options - lb):
  app/controllers/users_controller.rb:27:in `new'
  <internal:prelude>:8:in `synchronize'
  C:/Ruby19/lib/ruby/1.9.1/webrick/httpserver.rb:111:in `service'
  C:/Ruby19/lib/ruby/1.9.1/webrick/httpserver.rb:70:in `run'
  C:/Ruby19/lib/ruby/1.9.1/webrick/server.rb:183:in `block in start_thread'

Rendered rescues/_trace (103.0ms)
Rendered rescues/_request_and_response (0.0ms)
Rendering rescues/layout (internal_server_error)
  [4;36;1mSQL (1.0ms)[0m   [0;1mSET NAMES 'utf8'[0m
  [4;35;1mSQL (0.0ms)[0m   [0mSET SQL_AUTO_IS_NULL=0[0m


Processing UsersController#new (for 127.0.0.1 at 2010-04-07 16:14:02) [GET]

SyntaxError (C:/Users/thomasuster/War_game/back/app/models/user.rb:5: unknown regexp options - lb):
  app/controllers/users_controller.rb:27:in `new'
  <internal:prelude>:8:in `synchronize'
  C:/Ruby19/lib/ruby/1.9.1/webrick/httpserver.rb:111:in `service'
  C:/Ruby19/lib/ruby/1.9.1/webrick/httpserver.rb:70:in `run'
  C:/Ruby19/lib/ruby/1.9.1/webrick/server.rb:183:in `block in start_thread'

Rendered rescues/_trace (69.0ms)
Rendered rescues/_request_and_response (1.0ms)
Rendering rescues/layout (internal_server_error)
  [4;36;1mSQL (0.0ms)[0m   [0;1mSET NAMES 'utf8'[0m
  [4;35;1mSQL (0.0ms)[0m   [0mSET SQL_AUTO_IS_NULL=0[0m


Processing UsersController#new (for 127.0.0.1 at 2010-04-07 16:15:34) [GET]

SyntaxError (C:/Users/thomasuster/War_game/back/app/models/user.rb:5: unknown regexp options - lb):
  app/controllers/users_controller.rb:27:in `new'
  <internal:prelude>:8:in `synchronize'
  C:/Ruby19/lib/ruby/1.9.1/webrick/httpserver.rb:111:in `service'
  C:/Ruby19/lib/ruby/1.9.1/webrick/httpserver.rb:70:in `run'
  C:/Ruby19/lib/ruby/1.9.1/webrick/server.rb:183:in `block in start_thread'

Rendered rescues/_trace (97.0ms)
Rendered rescues/_request_and_response (0.0ms)
Rendering rescues/layout (internal_server_error)
  [4;36;1mSQL (0.0ms)[0m   [0;1mSET NAMES 'utf8'[0m
  [4;35;1mSQL (0.0ms)[0m   [0mSET SQL_AUTO_IS_NULL=0[0m


Processing UsersController#new (for 127.0.0.1 at 2010-04-07 16:23:53) [GET]

SyntaxError (C:/Users/thomasuster/War_game/back/app/models/user.rb:5: unknown regexp option - d
C:/Users/thomasuster/War_game/back/app/models/user.rb:5: syntax error, unexpected tIDENTIFIER, expecting keyword_end
  require /lib/uuid_helper.rb
                          ^):
  app/controllers/users_controller.rb:27:in `new'
  <internal:prelude>:8:in `synchronize'
  C:/Ruby19/lib/ruby/1.9.1/webrick/httpserver.rb:111:in `service'
  C:/Ruby19/lib/ruby/1.9.1/webrick/httpserver.rb:70:in `run'
  C:/Ruby19/lib/ruby/1.9.1/webrick/server.rb:183:in `block in start_thread'

Rendered rescues/_trace (69.0ms)
Rendered rescues/_request_and_response (0.0ms)
Rendering rescues/layout (internal_server_error)
  [4;36;1mSQL (0.0ms)[0m   [0;1mSET NAMES 'utf8'[0m
  [4;35;1mSQL (0.0ms)[0m   [0mSET SQL_AUTO_IS_NULL=0[0m


Processing UsersController#new (for 127.0.0.1 at 2010-04-07 16:24:00) [GET]

ArgumentError (wrong number of arguments (0 for 1)):
  app/models/user.rb:5:in `<class:User>'
  app/models/user.rb:3:in `<top (required)>'
  app/controllers/users_controller.rb:27:in `new'
  <internal:prelude>:8:in `synchronize'
  C:/Ruby19/lib/ruby/1.9.1/webrick/httpserver.rb:111:in `service'
  C:/Ruby19/lib/ruby/1.9.1/webrick/httpserver.rb:70:in `run'
  C:/Ruby19/lib/ruby/1.9.1/webrick/server.rb:183:in `block in start_thread'

Rendered rescues/_trace (71.0ms)
Rendered rescues/_request_and_response (0.0ms)
Rendering rescues/layout (internal_server_error)
  [4;36;1mSQL (0.0ms)[0m   [0;1mSET NAMES 'utf8'[0m
  [4;35;1mSQL (0.0ms)[0m   [0mSET SQL_AUTO_IS_NULL=0[0m


Processing UsersController#new (for 127.0.0.1 at 2010-04-07 16:24:10) [GET]

ArgumentError (wrong number of arguments (0 for 1)):
  app/models/user.rb:5:in `<class:User>'
  app/models/user.rb:3:in `<top (required)>'
  app/controllers/users_controller.rb:27:in `new'
  <internal:prelude>:8:in `synchronize'
  C:/Ruby19/lib/ruby/1.9.1/webrick/httpserver.rb:111:in `service'
  C:/Ruby19/lib/ruby/1.9.1/webrick/httpserver.rb:70:in `run'
  C:/Ruby19/lib/ruby/1.9.1/webrick/server.rb:183:in `block in start_thread'

Rendered rescues/_trace (68.0ms)
Rendered rescues/_request_and_response (0.0ms)
Rendering rescues/layout (internal_server_error)
  [4;36;1mSQL (0.0ms)[0m   [0;1mSET NAMES 'utf8'[0m
  [4;35;1mSQL (0.0ms)[0m   [0mSET SQL_AUTO_IS_NULL=0[0m


Processing UsersController#new (for 127.0.0.1 at 2010-04-07 16:24:18) [GET]
  [4;36;1mSQL (1.0ms)[0m   [0;1mSHOW TABLES[0m
  [4;35;1mUser Columns (3.0ms)[0m   [0mSHOW FIELDS FROM `users`[0m
  [4;36;1mSQL (1.0ms)[0m   [0;1mSHOW TABLES[0m
  [4;35;1mUser Columns (4.0ms)[0m   [0mSHOW FIELDS FROM `users`[0m

NameError (undefined local variable or method `lib' for #<Class:0x477de40>):
  app/models/user.rb:5:in `<class:User>'
  app/models/user.rb:3:in `<top (required)>'
  app/controllers/users_controller.rb:27:in `new'
  <internal:prelude>:8:in `synchronize'
  C:/Ruby19/lib/ruby/1.9.1/webrick/httpserver.rb:111:in `service'
  C:/Ruby19/lib/ruby/1.9.1/webrick/httpserver.rb:70:in `run'
  C:/Ruby19/lib/ruby/1.9.1/webrick/server.rb:183:in `block in start_thread'

Rendered rescues/_trace (70.0ms)
Rendered rescues/_request_and_response (1.0ms)
Rendering rescues/layout (internal_server_error)
  [4;36;1mSQL (1.0ms)[0m   [0;1mSET NAMES 'utf8'[0m
  [4;35;1mSQL (0.0ms)[0m   [0mSET SQL_AUTO_IS_NULL=0[0m


Processing UsersController#new (for 127.0.0.1 at 2010-04-07 16:28:02) [GET]
  [4;36;1mUser Columns (3.0ms)[0m   [0;1mSHOW FIELDS FROM `users`[0m
Rendering template within layouts/users
Rendering users/new
Completed in 277ms (View: 137, DB: 4) | 200 OK [http://localhost/users/new]
  [4;35;1mSQL (0.0ms)[0m   [0mSET NAMES 'utf8'[0m
  [4;36;1mSQL (0.0ms)[0m   [0;1mSET SQL_AUTO_IS_NULL=0[0m


Processing UsersController#new (for 127.0.0.1 at 2010-04-07 16:28:09) [GET]
  [4;35;1mUser Columns (2.0ms)[0m   [0mSHOW FIELDS FROM `users`[0m
Rendering template within layouts/users
Rendering users/new
Completed in 45ms (View: 5, DB: 2) | 200 OK [http://localhost/users/new]
  [4;36;1mSQL (0.0ms)[0m   [0;1mSET NAMES 'utf8'[0m
  [4;35;1mSQL (0.0ms)[0m   [0mSET SQL_AUTO_IS_NULL=0[0m


Processing UsersController#new (for 127.0.0.1 at 2010-04-07 16:29:22) [GET]
  [4;36;1mUser Columns (3.0ms)[0m   [0;1mSHOW FIELDS FROM `users`[0m
Rendering template within layouts/users
Rendering users/new
Completed in 45ms (View: 5, DB: 3) | 200 OK [http://localhost/users/new]
  [4;35;1mSQL (0.0ms)[0m   [0mSET NAMES 'utf8'[0m
  [4;36;1mSQL (0.0ms)[0m   [0;1mSET SQL_AUTO_IS_NULL=0[0m


Processing UsersController#new (for 127.0.0.1 at 2010-04-07 16:30:25) [GET]
  [4;35;1mUser Columns (3.0ms)[0m   [0mSHOW FIELDS FROM `users`[0m
Rendering template within layouts/users
Rendering users/new
Completed in 48ms (View: 6, DB: 3) | 200 OK [http://localhost/users/new]
  [4;36;1mSQL (0.0ms)[0m   [0;1mSET NAMES 'utf8'[0m
  [4;35;1mSQL (0.0ms)[0m   [0mSET SQL_AUTO_IS_NULL=0[0m


Processing UsersController#new (for 127.0.0.1 at 2010-04-07 16:46:11) [GET]
  [4;36;1mUser Columns (3.0ms)[0m   [0;1mSHOW FIELDS FROM `users`[0m
Rendering template within layouts/users
Rendering users/new
Completed in 55ms (View: 15, DB: 3) | 200 OK [http://localhost/users/new]
  [4;35;1mSQL (1.0ms)[0m   [0mSET NAMES 'utf8'[0m
  [4;36;1mSQL (0.0ms)[0m   [0;1mSET SQL_AUTO_IS_NULL=0[0m


Processing UsersController#create (for 127.0.0.1 at 2010-04-07 16:46:46) [POST]
  Parameters: {"authenticity_token"=>"g7fhq/82kK/jlYTGNjmCU7Z7bS+AnPG8/4ujMKbnRJQ=", "user"=>{"name"=>"tom", "email"=>"thomasuster@gmail.com", "password"=>"rofl1w", "password_confirmation"=>"rofl1w"}, "commit"=>"Add User"}
  [4;35;1mUser Columns (3.0ms)[0m   [0mSHOW FIELDS FROM `users`[0m
  [4;36;1mSQL (0.0ms)[0m   [0;1mBEGIN[0m
  [4;35;1mUser Load (23.0ms)[0m   [0mSELECT `users`.id FROM `users` WHERE (`users`.`name` = BINARY 'tom') LIMIT 1[0m
  [4;36;1mUser Load (0.0ms)[0m   [0;1mSELECT `users`.id FROM `users` WHERE (`users`.`email` = BINARY 'thomasuster@gmail.com') LIMIT 1[0m
  [4;35;1mUser Create (0.0ms)[0m   [0mINSERT INTO `users` (`name`, `email`, `hashed_password`, `salt`, `created_at`, `updated_at`, `uuid`) VALUES('tom', 'thomasuster@gmail.com', 'c8ce0c988922d1090d52fe1f2dbd92a87ccc7f8f', '336619360.517171734173404', '2010-04-07 23:46:49', '2010-04-07 23:46:49', 'd40e52f8-429f-11df-a5dc-0026f2b76973')[0m
  [4;36;1mSQL (21.0ms)[0m   [0;1mCOMMIT[0m
Redirected to http://localhost:3000/users
Completed in 2740ms (DB: 48) | 302 Found [http://localhost/users]
  [4;35;1mSQL (1.0ms)[0m   [0mSET NAMES 'utf8'[0m
  [4;36;1mSQL (0.0ms)[0m   [0;1mSET SQL_AUTO_IS_NULL=0[0m


Processing UsersController#index (for 127.0.0.1 at 2010-04-07 16:46:50) [GET]
  [4;35;1mUser Load (1.0ms)[0m   [0mSELECT * FROM `users` ORDER BY email[0m
Rendering template within layouts/users
Rendering users/index
  [4;36;1mUser Columns (3.0ms)[0m   [0;1mSHOW FIELDS FROM `users`[0m
Completed in 55ms (View: 14, DB: 5) | 200 OK [http://localhost/users]
  [4;35;1mSQL (0.0ms)[0m   [0mSET NAMES 'utf8'[0m
  [4;36;1mSQL (0.0ms)[0m   [0;1mSET SQL_AUTO_IS_NULL=0[0m


Processing UsersController#show (for 127.0.0.1 at 2010-04-07 16:47:05) [GET]
  Parameters: {"id"=>"1"}
  [4;35;1mUser Columns (2.0ms)[0m   [0mSHOW FIELDS FROM `users`[0m
  [4;36;1mUser Load (1.0ms)[0m   [0;1mSELECT * FROM `users` WHERE (`users`.`id` = 1) [0m
Rendering template within layouts/users
Rendering users/show
Completed in 54ms (View: 13, DB: 3) | 200 OK [http://localhost/users/1]
